2025-04-23 15:59:58,114 - bao: hi
2025-04-23 15:59:59,501 - bao: hi
2025-04-23 15:59:59,502 - Bot: Hello! How can I help you?
2025-04-23 16:00:01,204 - bao: hi
2025-04-23 16:00:01,205 - Bot: Hello! How can I help you?
2025-04-23 16:00:02,775 - bao: hi
2025-04-23 16:00:02,775 - Bot: Hello! How can I help you?
2025-04-23 16:00:04,513 - bao: hi
2025-04-23 16:00:04,514 - Bot: Hello! How can I help you?
2025-04-23 16:00:06,313 - bao: hi
2025-04-23 16:00:06,314 - Bot: Hello! How can I help you?
2025-04-23 16:00:08,263 - bao: hi
2025-04-23 16:00:08,264 - Bot: Hello! How can I help you?
2025-04-23 16:00:09,894 - bao: hi
2025-04-23 16:00:09,895 - Bot: Hello! How can I help you?
2025-04-23 16:00:11,587 - bao: hi
2025-04-23 16:00:11,588 - Bot: Hello! How can I help you?
2025-04-23 16:00:13,321 - bao: hi
2025-04-23 16:00:13,322 - Bot: Hello! How can I help you?
2025-04-23 16:00:14,824 - bao: hi
2025-04-23 16:00:14,826 - Bot: Hello! How can I help you?
2025-04-23 16:00:16,344 - bao: hi
2025-04-23 16:00:16,345 - Bot: Hello! How can I help you?
2025-04-23 16:00:17,410 - CAO: hi
2025-04-23 16:00:17,878 - bao: hi
2025-04-23 16:00:17,880 - Bot: Hello! How can I help you?
2025-04-23 16:00:17,881 - CAO: hi
2025-04-23 16:00:19,108 - bao: hi
2025-04-23 16:00:19,109 - Bot: Hello! How can I help you?
2025-04-23 16:00:19,110 - CAO: hi
2025-04-23 16:00:19,112 - Bot: Hello! How can I help you?
2025-04-23 16:00:20,792 - bao: hi
2025-04-23 16:00:20,793 - Bot: Hello! How can I help you?
2025-04-23 16:00:20,795 - CAO: hi
2025-04-23 16:00:20,796 - Bot: Hello! How can I help you?
2025-04-23 16:00:22,419 - bao: hi
2025-04-23 16:00:22,420 - Bot: Hello! How can I help you?
2025-04-23 16:00:22,421 - CAO: hi
2025-04-23 16:00:22,423 - Bot: Hello! How can I help you?
2025-04-23 16:00:23,950 - bao: hi
2025-04-23 16:00:23,951 - Bot: Hello! How can I help you?
2025-04-23 16:00:23,952 - CAO: hi
2025-04-23 16:00:23,954 - Bot: Hello! How can I help you?
2025-04-23 16:00:25,823 - bao: hi
2025-04-23 16:00:25,824 - Bot: Hello! How can I help you?
2025-04-23 16:00:25,825 - CAO: hi
2025-04-23 16:00:25,826 - Bot: Hello! How can I help you?
2025-04-23 16:00:27,645 - bao: hi
2025-04-23 16:00:27,646 - Bot: Hello! How can I help you?
2025-04-23 16:00:27,648 - CAO: hi
2025-04-23 16:00:27,648 - Bot: Hello! How can I help you?
2025-04-23 16:00:29,258 - bao: hi
2025-04-23 16:00:29,259 - Bot: Hello! How can I help you?
2025-04-23 16:00:29,260 - CAO: hi
2025-04-23 16:00:29,261 - Bot: Hello! How can I help you?
2025-04-23 16:00:31,019 - bao: hi
2025-04-23 16:00:31,021 - Bot: Hello! How can I help you?
2025-04-23 16:00:31,022 - CAO: hi
2025-04-23 16:00:31,023 - Bot: Hello! How can I help you?
2025-04-23 16:00:32,774 - bao: hi
2025-04-23 16:00:32,775 - Bot: Hello! How can I help you?
2025-04-23 16:00:32,777 - CAO: hi
2025-04-23 16:00:32,778 - Bot: Hello! How can I help you?
2025-04-23 16:00:34,681 - bao: hi
2025-04-23 16:00:34,683 - Bot: Hello! How can I help you?
2025-04-23 16:00:34,684 - CAO: hi
2025-04-23 16:00:34,685 - Bot: Hello! How can I help you?
2025-04-23 16:00:36,651 - bao: hi
2025-04-23 16:00:36,653 - Bot: Hello! How can I help you?
2025-04-23 16:00:36,654 - CAO: hi
2025-04-23 16:00:36,655 - Bot: Hello! How can I help you?
2025-04-23 16:00:38,494 - bao: hi
2025-04-23 16:00:38,496 - Bot: Hello! How can I help you?
2025-04-23 16:00:38,497 - CAO: hi
2025-04-23 16:00:38,498 - Bot: Hello! How can I help you?
2025-04-23 16:00:40,610 - bao: hi
2025-04-23 16:00:40,611 - Bot: Hello! How can I help you?
2025-04-23 16:00:40,612 - CAO: hi
2025-04-23 16:00:40,614 - Bot: Hello! How can I help you?
2025-04-23 16:00:42,397 - bao: hi
2025-04-23 16:00:42,399 - Bot: Hello! How can I help you?
2025-04-23 16:00:42,400 - CAO: hi
2025-04-23 16:00:42,401 - Bot: Hello! How can I help you?
2025-04-23 16:00:44,237 - bao: hi
2025-04-23 16:00:44,238 - Bot: Hello! How can I help you?
2025-04-23 16:00:44,239 - CAO: hi
2025-04-23 16:00:44,240 - Bot: Hello! How can I help you?
2025-04-23 16:00:45,864 - bao: hi
2025-04-23 16:00:45,865 - Bot: Hello! How can I help you?
2025-04-23 16:00:45,873 - CAO: hi
2025-04-23 16:00:45,874 - Bot: Hello! How can I help you?
2025-04-23 16:00:47,496 - bao: hi
2025-04-23 16:00:47,498 - Bot: Hello! How can I help you?
2025-04-23 16:00:47,499 - CAO: hi
2025-04-23 16:00:47,501 - Bot: Hello! How can I help you?
2025-04-23 16:00:49,450 - bao: hi
2025-04-23 16:00:49,451 - Bot: Hello! How can I help you?
2025-04-23 16:00:49,452 - CAO: hi
2025-04-23 16:00:49,453 - Bot: Hello! How can I help you?
2025-04-23 16:00:51,304 - bao: hi
2025-04-23 16:00:51,305 - Bot: Hello! How can I help you?
2025-04-23 16:00:51,305 - CAO: hi
2025-04-23 16:00:51,305 - Bot: Hello! How can I help you?
2025-04-23 16:00:53,023 - bao: hi
2025-04-23 16:00:53,025 - Bot: Hello! How can I help you?
2025-04-23 16:00:53,026 - CAO: hi
2025-04-23 16:00:53,027 - Bot: Hello! How can I help you?
2025-04-23 16:00:54,666 - bao: hi
2025-04-23 16:00:54,667 - Bot: Hello! How can I help you?
2025-04-23 16:00:54,668 - CAO: hi
2025-04-23 16:00:54,669 - Bot: Hello! How can I help you?
2025-04-23 16:08:33,244 - bao: hi
2025-04-23 16:08:33,245 - Bot: Hello! How can I help you?
2025-04-23 16:08:33,247 - CAO: hi
2025-04-23 16:08:33,249 - Bot: Hello! How can I help you?
2025-04-23 16:08:35,057 - bao: hi
2025-04-23 16:08:35,058 - Bot: Hello! How can I help you?
2025-04-23 16:08:35,059 - CAO: hi
2025-04-23 16:08:35,060 - Bot: Hello! How can I help you?
2025-04-23 16:08:36,985 - bao: hi
2025-04-23 16:08:36,986 - Bot: Hello! How can I help you?
2025-04-23 16:08:36,987 - CAO: hi
2025-04-23 16:08:36,989 - Bot: Hello! How can I help you?
2025-04-23 16:08:38,950 - bao: hi
2025-04-23 16:08:38,951 - Bot: Hello! How can I help you?
2025-04-23 16:08:38,952 - CAO: hi
2025-04-23 16:08:38,953 - Bot: Hello! How can I help you?
2025-04-23 16:08:40,817 - bao: hi
2025-04-23 16:08:40,818 - Bot: Hello! How can I help you?
2025-04-23 16:08:40,820 - CAO: hi
2025-04-23 16:08:40,820 - Bot: Hello! How can I help you?
2025-04-23 16:08:42,970 - bao: hi
2025-04-23 16:08:42,971 - Bot: Hello! How can I help you?
2025-04-23 16:08:42,975 - CAO: hi
2025-04-23 16:08:42,976 - Bot: Hello! How can I help you?
2025-04-23 16:08:44,977 - bao: hi
2025-04-23 16:08:44,979 - Bot: Hello! How can I help you?
2025-04-23 16:08:44,980 - CAO: hi
2025-04-23 16:08:44,981 - Bot: Hello! How can I help you?
2025-04-23 16:08:46,966 - bao: hi
2025-04-23 16:08:46,969 - Bot: Hello! How can I help you?
2025-04-23 16:08:46,970 - CAO: hi
2025-04-23 16:08:46,971 - Bot: Hello! How can I help you?
2025-04-23 16:08:48,566 - bao: hi
2025-04-23 16:08:48,567 - Bot: Hello! How can I help you?
2025-04-23 16:08:48,569 - CAO: hi
2025-04-23 16:08:48,570 - Bot: Hello! How can I help you?
2025-04-23 16:09:58,294 - bao: hi
2025-04-23 16:09:58,296 - Bot: Hello! How can I help you?
2025-04-23 16:09:58,299 - CAO: hi
2025-04-23 16:09:58,301 - Bot: Hello! How can I help you?
2025-04-23 16:10:00,484 - bao: hi
2025-04-23 16:10:00,485 - Bot: Hello! How can I help you?
2025-04-23 16:10:00,487 - CAO: hi
2025-04-23 16:10:00,490 - Bot: Hello! How can I help you?
2025-04-23 16:10:02,413 - bao: hi
2025-04-23 16:10:02,415 - Bot: Hello! How can I help you?
2025-04-23 16:10:02,416 - CAO: hi
2025-04-23 16:10:02,417 - Bot: Hello! How can I help you?
2025-04-23 16:10:04,324 - bao: hi
2025-04-23 16:10:04,325 - Bot: Hello! How can I help you?
2025-04-23 16:10:04,326 - CAO: hi
2025-04-23 16:10:04,328 - Bot: Hello! How can I help you?
2025-04-23 16:10:05,773 - bao: hi
2025-04-23 16:10:05,774 - Bot: Hello! How can I help you?
2025-04-23 16:10:05,775 - CAO: hi
2025-04-23 16:10:05,777 - Bot: Hello! How can I help you?
2025-04-23 16:10:07,346 - bao: hi
2025-04-23 16:10:07,346 - Bot: Hello! How can I help you?
2025-04-23 16:10:07,348 - CAO: hi
2025-04-23 16:10:07,349 - Bot: Hello! How can I help you?
2025-04-23 16:10:09,175 - bao: hi
2025-04-23 16:10:09,176 - Bot: Hello! How can I help you?
2025-04-23 16:10:09,177 - CAO: hi
2025-04-23 16:10:09,178 - Bot: Hello! How can I help you?
2025-04-23 16:10:10,934 - bao: hi
2025-04-23 16:10:10,935 - Bot: Hello! How can I help you?
2025-04-23 16:10:10,936 - CAO: hi
2025-04-23 16:10:10,936 - Bot: Hello! How can I help you?
2025-04-23 16:10:12,937 - bao: hi
2025-04-23 16:10:12,937 - Bot: Hello! How can I help you?
2025-04-23 16:10:12,938 - CAO: hi
2025-04-23 16:10:12,940 - Bot: Hello! How can I help you?
2025-04-23 16:10:14,669 - bao: hi
2025-04-23 16:10:14,671 - Bot: Hello! How can I help you?
2025-04-23 16:10:14,672 - CAO: hi
2025-04-23 16:10:14,673 - Bot: Hello! How can I help you?
2025-04-23 16:10:16,500 - bao: hi
2025-04-23 16:10:16,501 - Bot: Hello! How can I help you?
2025-04-23 16:10:16,502 - CAO: hi
2025-04-23 16:10:16,503 - Bot: Hello! How can I help you?
2025-04-23 16:10:18,295 - bao: hi
2025-04-23 16:10:18,295 - Bot: Hello! How can I help you?
2025-04-23 16:10:18,297 - CAO: hi
2025-04-23 16:10:18,298 - Bot: Hello! How can I help you?
2025-04-23 16:10:19,941 - bao: hi
2025-04-23 16:10:19,943 - Bot: Hello! How can I help you?
2025-04-23 16:10:19,944 - CAO: hi
2025-04-23 16:10:19,945 - Bot: Hello! How can I help you?
2025-04-23 16:10:21,378 - bao: hi
2025-04-23 16:10:21,378 - Bot: Hello! How can I help you?
2025-04-23 16:10:21,380 - CAO: hi
2025-04-23 16:10:21,381 - Bot: Hello! How can I help you?
2025-04-23 16:10:22,853 - bao: hi
2025-04-23 16:10:22,854 - Bot: Hello! How can I help you?
2025-04-23 16:10:22,856 - CAO: hi
2025-04-23 16:10:22,856 - Bot: Hello! How can I help you?
2025-04-23 16:10:24,519 - bao: hi
2025-04-23 16:10:24,520 - Bot: Hello! How can I help you?
2025-04-23 16:10:24,521 - CAO: hi
2025-04-23 16:10:24,522 - Bot: Hello! How can I help you?
2025-04-23 16:10:26,498 - bao: hi
2025-04-23 16:10:26,499 - Bot: Hello! How can I help you?
2025-04-23 16:10:26,500 - CAO: hi
2025-04-23 16:10:26,501 - Bot: Hello! How can I help you?
2025-04-23 16:10:28,289 - bao: hi
2025-04-23 16:10:28,290 - Bot: Hello! How can I help you?
2025-04-23 16:10:28,291 - CAO: hi
2025-04-23 16:10:28,291 - Bot: Hello! How can I help you?
2025-04-23 16:10:29,935 - bao: hi
2025-04-23 16:10:29,936 - Bot: Hello! How can I help you?
2025-04-23 16:10:29,937 - CAO: hi
2025-04-23 16:10:29,938 - Bot: Hello! How can I help you?
2025-04-23 16:10:31,776 - bao: hi
2025-04-23 16:10:31,777 - Bot: Hello! How can I help you?
2025-04-23 16:10:31,778 - CAO: hi
2025-04-23 16:10:31,779 - Bot: Hello! How can I help you?
2025-04-23 16:10:33,419 - bao: hi
2025-04-23 16:10:33,420 - Bot: Hello! How can I help you?
2025-04-23 16:10:33,421 - CAO: hi
2025-04-23 16:10:33,422 - Bot: Hello! How can I help you?
2025-04-23 16:10:35,292 - bao: hi
2025-04-23 16:10:35,293 - Bot: Hello! How can I help you?
2025-04-23 16:10:35,294 - CAO: hi
2025-04-23 16:10:35,295 - Bot: Hello! How can I help you?
2025-04-23 16:10:37,118 - bao: hi
2025-04-23 16:10:37,119 - Bot: Hello! How can I help you?
2025-04-23 16:10:37,120 - CAO: hi
2025-04-23 16:10:37,121 - Bot: Hello! How can I help you?
2025-04-23 16:10:38,949 - bao: hi
2025-04-23 16:10:38,950 - Bot: Hello! How can I help you?
2025-04-23 16:10:38,951 - CAO: hi
2025-04-23 16:10:38,952 - Bot: Hello! How can I help you?
2025-04-23 16:10:40,587 - bao: hi
2025-04-23 16:10:40,588 - Bot: Hello! How can I help you?
2025-04-23 16:10:40,589 - CAO: hi
2025-04-23 16:10:40,590 - Bot: Hello! How can I help you?
2025-04-23 16:10:42,433 - bao: hi
2025-04-23 16:10:42,434 - Bot: Hello! How can I help you?
2025-04-23 16:10:42,435 - CAO: hi
2025-04-23 16:10:42,438 - Bot: Hello! How can I help you?
2025-04-23 16:10:44,109 - bao: hi
2025-04-23 16:10:44,111 - Bot: Hello! How can I help you?
2025-04-23 16:10:44,112 - CAO: hi
2025-04-23 16:10:44,114 - Bot: Hello! How can I help you?
2025-04-23 16:22:41,119 - CAO: Hello
2025-04-23 16:22:42,102 - CAO: Hello
2025-04-23 16:22:43,106 - CAO: Hello
2025-04-23 16:22:44,109 - CAO: Hello
2025-04-23 16:22:45,114 - CAO: Hello
2025-04-23 16:22:46,118 - CAO: Hello
2025-04-23 16:22:47,123 - CAO: Hello
2025-04-23 16:22:48,128 - CAO: Hello
2025-04-23 16:22:48,835 - CAO: Hak
2025-04-23 16:22:49,131 - CAO: Hello
2025-04-23 16:22:49,132 - CAO: Hak
2025-04-23 16:22:50,137 - CAO: Hello
2025-04-23 16:22:50,137 - CAO: Hak
2025-04-23 16:22:51,141 - CAO: Hello
2025-04-23 16:22:51,142 - CAO: Hak
2025-04-23 16:22:52,149 - CAO: Hello
2025-04-23 16:22:52,150 - CAO: Hak
2025-04-23 16:22:53,154 - CAO: Hello
2025-04-23 16:22:53,155 - CAO: Hak
2025-04-23 16:22:54,159 - CAO: Hello
2025-04-23 16:22:54,160 - CAO: Hak
2025-04-23 16:22:55,164 - CAO: Hello
2025-04-23 16:22:55,165 - CAO: Hak
2025-04-23 16:22:56,169 - CAO: Hello
2025-04-23 16:22:56,170 - CAO: Hak
2025-04-23 16:22:57,174 - CAO: Hello
2025-04-23 16:22:57,174 - CAO: Hak
2025-04-23 16:22:58,178 - CAO: Hello
2025-04-23 16:22:58,179 - CAO: Hak
2025-04-23 16:22:59,183 - CAO: Hello
2025-04-23 16:22:59,184 - CAO: Hak
2025-04-23 16:23:00,188 - CAO: Hello
2025-04-23 16:23:00,189 - CAO: Hak
2025-04-23 16:23:01,192 - CAO: Hello
2025-04-23 16:23:01,193 - CAO: Hak
2025-04-23 16:23:02,198 - CAO: Hello
2025-04-23 16:23:02,198 - CAO: Hak
2025-04-23 16:23:03,202 - CAO: Hello
2025-04-23 16:23:03,202 - CAO: Hak
2025-04-23 16:23:04,206 - CAO: Hello
2025-04-23 16:23:04,207 - CAO: Hak
2025-04-23 16:23:05,211 - CAO: Hello
2025-04-23 16:23:05,211 - CAO: Hak
2025-04-23 16:23:06,215 - CAO: Hello
2025-04-23 16:23:06,215 - CAO: Hak
2025-04-23 16:23:07,220 - CAO: Hello
2025-04-23 16:23:07,220 - CAO: Hak
2025-04-23 16:23:08,224 - CAO: Hello
2025-04-23 16:23:08,225 - CAO: Hak
2025-04-23 16:23:09,229 - CAO: Hello
2025-04-23 16:23:09,230 - CAO: Hak
2025-04-23 16:23:10,234 - CAO: Hello
2025-04-23 16:23:10,235 - CAO: Hak
2025-04-23 16:23:11,239 - CAO: Hello
2025-04-23 16:23:11,239 - CAO: Hak
2025-04-23 16:23:12,245 - CAO: Hello
2025-04-23 16:23:12,246 - CAO: Hak
2025-04-23 16:23:13,249 - CAO: Hello
2025-04-23 16:23:13,250 - CAO: Hak
2025-04-23 16:23:14,253 - CAO: Hello
2025-04-23 16:23:14,254 - CAO: Hak
2025-04-23 16:23:15,258 - CAO: Hello
2025-04-23 16:23:15,259 - CAO: Hak
2025-04-23 16:23:16,263 - CAO: Hello
2025-04-23 16:23:16,263 - CAO: Hak
2025-04-23 16:23:17,267 - CAO: Hello
2025-04-23 16:23:17,268 - CAO: Hak
2025-04-23 16:23:18,272 - CAO: Hello
2025-04-23 16:23:18,273 - CAO: Hak
2025-04-23 16:23:19,277 - CAO: Hello
2025-04-23 16:23:19,278 - CAO: Hak
2025-04-23 16:23:20,282 - CAO: Hello
2025-04-23 16:23:20,282 - CAO: Hak
2025-04-23 16:23:21,286 - CAO: Hello
2025-04-23 16:23:21,287 - CAO: Hak
2025-04-23 16:23:22,291 - CAO: Hello
2025-04-23 16:23:22,292 - CAO: Hak
2025-04-23 16:23:23,296 - CAO: Hello
2025-04-23 16:23:23,296 - CAO: Hak
2025-04-23 16:23:24,300 - CAO: Hello
2025-04-23 16:23:24,301 - CAO: Hak
2025-04-23 16:23:25,305 - CAO: Hello
2025-04-23 16:23:25,306 - CAO: Hak
2025-04-23 16:23:26,310 - CAO: Hello
2025-04-23 16:23:26,311 - CAO: Hak
2025-04-23 16:23:27,315 - CAO: Hello
2025-04-23 16:23:27,316 - CAO: Hak
2025-04-23 16:23:28,320 - CAO: Hello
2025-04-23 16:23:28,320 - CAO: Hak
2025-04-23 16:23:29,324 - CAO: Hello
2025-04-23 16:23:29,325 - CAO: Hak
2025-04-23 16:23:30,329 - CAO: Hello
2025-04-23 16:23:30,329 - CAO: Hak
2025-04-23 16:23:31,333 - CAO: Hello
2025-04-23 16:23:31,334 - CAO: Hak
2025-04-23 16:23:32,338 - CAO: Hello
2025-04-23 16:23:32,339 - CAO: Hak
2025-04-23 16:23:33,343 - CAO: Hello
2025-04-23 16:23:33,344 - CAO: Hak
2025-04-23 16:23:34,347 - CAO: Hello
2025-04-23 16:23:34,348 - CAO: Hak
2025-04-23 16:23:35,351 - CAO: Hello
2025-04-23 16:23:35,352 - CAO: Hak
2025-04-23 16:23:36,356 - CAO: Hello
2025-04-23 16:23:36,357 - CAO: Hak
2025-04-23 16:23:37,361 - CAO: Hello
2025-04-23 16:23:37,362 - CAO: Hak
2025-04-23 16:23:38,366 - CAO: Hello
2025-04-23 16:23:38,366 - CAO: Hak
2025-04-23 16:23:39,370 - CAO: Hello
2025-04-23 16:23:39,371 - CAO: Hak
2025-04-23 16:23:40,375 - CAO: Hello
2025-04-23 16:23:40,376 - CAO: Hak
2025-04-23 16:23:41,380 - CAO: Hello
2025-04-23 16:23:41,380 - CAO: Hak
2025-04-23 16:23:42,384 - CAO: Hello
2025-04-23 16:23:42,385 - CAO: Hak
2025-04-23 16:23:43,389 - CAO: Hello
2025-04-23 16:23:43,390 - CAO: Hak
2025-04-23 16:23:44,393 - CAO: Hello
2025-04-23 16:23:44,394 - CAO: Hak
2025-04-23 16:23:45,399 - CAO: Hello
2025-04-23 16:23:45,400 - CAO: Hak
2025-04-23 16:23:46,405 - CAO: Hello
2025-04-23 16:23:46,406 - CAO: Hak
2025-04-23 16:23:47,409 - CAO: Hello
2025-04-23 16:23:47,410 - CAO: Hak
2025-04-23 16:23:48,414 - CAO: Hello
2025-04-23 16:23:48,415 - CAO: Hak
2025-04-23 16:23:49,420 - CAO: Hello
2025-04-23 16:23:49,422 - CAO: Hak
2025-04-23 16:23:50,426 - CAO: Hello
2025-04-23 16:23:50,428 - CAO: Hak
2025-04-23 16:23:51,432 - CAO: Hello
2025-04-23 16:23:51,437 - CAO: Hak
2025-04-23 16:23:52,443 - CAO: Hello
2025-04-23 16:23:52,443 - CAO: Hak
2025-04-23 16:23:53,448 - CAO: Hello
2025-04-23 16:23:53,451 - CAO: Hak
2025-04-23 16:23:54,460 - CAO: Hello
2025-04-23 16:23:54,460 - CAO: Hak
2025-04-23 16:23:55,465 - CAO: Hello
2025-04-23 16:23:55,466 - CAO: Hak
2025-04-23 16:23:56,474 - CAO: Hello
2025-04-23 16:23:56,475 - CAO: Hak
2025-04-23 16:23:57,480 - CAO: Hello
2025-04-23 16:23:57,480 - CAO: Hak
2025-04-23 16:23:58,485 - CAO: Hello
2025-04-23 16:23:58,486 - CAO: Hak
2025-04-23 16:23:59,491 - CAO: Hello
2025-04-23 16:23:59,492 - CAO: Hak
2025-04-23 16:24:00,496 - CAO: Hello
2025-04-23 16:24:00,496 - CAO: Hak
2025-04-23 16:24:01,500 - CAO: Hello
2025-04-23 16:24:01,501 - CAO: Hak
2025-04-23 16:24:02,505 - CAO: Hello
2025-04-23 16:24:02,506 - CAO: Hak
2025-04-23 16:24:03,510 - CAO: Hello
2025-04-23 16:24:03,510 - CAO: Hak
2025-04-23 16:24:04,516 - CAO: Hello
2025-04-23 16:24:04,517 - CAO: Hak
2025-04-23 16:24:05,522 - CAO: Hello
2025-04-23 16:24:05,522 - CAO: Hak
2025-04-23 16:24:06,529 - CAO: Hello
2025-04-23 16:24:06,531 - CAO: Hak
2025-04-23 16:24:07,534 - CAO: Hello
2025-04-23 16:24:07,535 - CAO: Hak
2025-04-23 16:24:08,539 - CAO: Hello
2025-04-23 16:24:08,540 - CAO: Hak
2025-04-23 16:24:09,546 - CAO: Hello
2025-04-23 16:24:09,547 - CAO: Hak
2025-04-23 16:24:10,550 - CAO: Hello
2025-04-23 16:24:10,551 - CAO: Hak
2025-04-23 16:24:11,555 - CAO: Hello
2025-04-23 16:24:11,556 - CAO: Hak
2025-04-23 16:24:12,559 - CAO: Hello
2025-04-23 16:24:12,560 - CAO: Hak
2025-04-23 16:24:13,564 - CAO: Hello
2025-04-23 16:24:13,564 - CAO: Hak
2025-04-23 16:24:14,568 - CAO: Hello
2025-04-23 16:24:14,569 - CAO: Hak
2025-04-23 16:24:15,573 - CAO: Hello
2025-04-23 16:24:15,574 - CAO: Hak
2025-04-23 16:24:16,579 - CAO: Hello
2025-04-23 16:24:16,580 - CAO: Hak
2025-04-23 16:24:17,584 - CAO: Hello
2025-04-23 16:24:17,584 - CAO: Hak
2025-04-23 16:24:18,588 - CAO: Hello
2025-04-23 16:24:18,589 - CAO: Hak
2025-04-23 16:24:19,593 - CAO: Hello
2025-04-23 16:24:19,594 - CAO: Hak
2025-04-23 16:24:20,598 - CAO: Hello
2025-04-23 16:24:20,600 - CAO: Hak
2025-04-23 16:24:21,604 - CAO: Hello
2025-04-23 16:24:21,605 - CAO: Hak
2025-04-23 16:24:22,610 - CAO: Hello
2025-04-23 16:24:22,611 - CAO: Hak
2025-04-23 16:24:23,616 - CAO: Hello
2025-04-23 16:24:23,618 - CAO: Hak
2025-04-23 16:24:24,622 - CAO: Hello
2025-04-23 16:24:24,623 - CAO: Hak
2025-04-23 16:24:25,627 - CAO: Hello
2025-04-23 16:24:25,628 - CAO: Hak
2025-04-23 16:24:26,634 - CAO: Hello
2025-04-23 16:24:26,634 - CAO: Hak
2025-04-23 16:24:27,639 - CAO: Hello
2025-04-23 16:24:27,640 - CAO: Hak
2025-04-23 16:24:28,644 - CAO: Hello
2025-04-23 16:24:28,645 - CAO: Hak
2025-04-23 16:24:29,649 - CAO: Hello
2025-04-23 16:24:29,650 - CAO: Hak
2025-04-23 16:24:30,653 - CAO: Hello
2025-04-23 16:24:30,654 - CAO: Hak
2025-04-23 16:24:31,659 - CAO: Hello
2025-04-23 16:24:31,659 - CAO: Hak
2025-04-23 16:24:32,663 - CAO: Hello
2025-04-23 16:24:32,664 - CAO: Hak
2025-04-23 16:24:33,668 - CAO: Hello
2025-04-23 16:24:33,669 - CAO: Hak
2025-04-23 16:24:34,672 - CAO: Hello
2025-04-23 16:24:34,673 - CAO: Hak
2025-04-23 16:24:35,677 - CAO: Hello
2025-04-23 16:24:35,678 - CAO: Hak
2025-04-23 16:24:36,681 - CAO: Hello
2025-04-23 16:24:36,682 - CAO: Hak
2025-04-23 16:24:37,686 - CAO: Hello
2025-04-23 16:24:37,687 - CAO: Hak
2025-04-23 16:24:38,691 - CAO: Hello
2025-04-23 16:24:38,692 - CAO: Hak
2025-04-23 16:24:39,697 - CAO: Hello
2025-04-23 16:24:39,699 - CAO: Hak
2025-04-23 16:24:40,702 - CAO: Hello
2025-04-23 16:24:40,703 - CAO: Hak
2025-04-23 16:24:41,715 - CAO: Hello
2025-04-23 16:24:41,716 - CAO: Hak
2025-04-23 16:24:42,720 - CAO: Hello
2025-04-23 16:24:42,721 - CAO: Hak
2025-04-23 16:24:43,726 - CAO: Hello
2025-04-23 16:24:43,726 - CAO: Hak
2025-04-23 16:24:44,731 - CAO: Hello
2025-04-23 16:24:44,732 - CAO: Hak
2025-04-23 16:24:45,737 - CAO: Hello
2025-04-23 16:24:45,737 - CAO: Hak
2025-04-23 16:24:46,743 - CAO: Hello
2025-04-23 16:24:46,743 - CAO: Hak
2025-04-23 16:24:47,748 - CAO: Hello
2025-04-23 16:24:47,748 - CAO: Hak
2025-04-23 16:24:48,752 - CAO: Hello
2025-04-23 16:24:48,755 - CAO: Hak
2025-04-23 16:24:49,761 - CAO: Hello
2025-04-23 16:24:49,764 - CAO: Hak
2025-04-23 16:24:50,773 - CAO: Hello
2025-04-23 16:24:50,774 - CAO: Hak
2025-04-23 16:24:51,778 - CAO: Hello
2025-04-23 16:24:51,779 - CAO: Hak
2025-04-23 16:24:52,783 - CAO: Hello
2025-04-23 16:24:52,784 - CAO: Hak
2025-04-23 16:24:53,796 - CAO: Hello
2025-04-23 16:24:53,797 - CAO: Hak
2025-04-23 16:24:54,800 - CAO: Hello
2025-04-23 16:24:54,801 - CAO: Hak
2025-04-23 16:24:55,805 - CAO: Hello
2025-04-23 16:24:55,805 - CAO: Hak
2025-04-23 16:24:56,810 - CAO: Hello
2025-04-23 16:24:56,810 - CAO: Hak
2025-04-23 16:24:57,813 - CAO: Hello
2025-04-23 16:24:57,815 - CAO: Hak
2025-04-23 16:24:58,819 - CAO: Hello
2025-04-23 16:24:58,821 - CAO: Hak
2025-04-23 16:24:59,826 - CAO: Hello
2025-04-23 16:24:59,827 - CAO: Hak
2025-04-23 16:25:00,833 - CAO: Hello
2025-04-23 16:25:00,834 - CAO: Hak
2025-04-23 16:25:01,839 - CAO: Hello
2025-04-23 16:25:01,839 - CAO: Hak
2025-04-23 16:25:02,844 - CAO: Hello
2025-04-23 16:25:02,845 - CAO: Hak
2025-04-23 16:25:03,851 - CAO: Hello
2025-04-23 16:25:03,852 - CAO: Hak
2025-04-23 16:25:04,855 - CAO: Hello
2025-04-23 16:25:04,857 - CAO: Hak
2025-04-23 16:25:05,861 - CAO: Hello
2025-04-23 16:25:05,862 - CAO: Hak
2025-04-23 16:25:06,866 - CAO: Hello
2025-04-23 16:25:06,866 - CAO: Hak
2025-04-23 16:25:07,869 - CAO: Hello
2025-04-23 16:25:07,870 - CAO: Hak
2025-04-23 16:25:08,873 - CAO: Hello
2025-04-23 16:25:08,873 - CAO: Hak
2025-04-23 16:25:09,878 - CAO: Hello
2025-04-23 16:25:09,878 - CAO: Hak
2025-04-23 16:25:10,881 - CAO: Hello
2025-04-23 16:25:10,882 - CAO: Hak
2025-04-23 16:25:11,886 - CAO: Hello
2025-04-23 16:25:11,886 - CAO: Hak
2025-04-23 16:25:12,891 - CAO: Hello
2025-04-23 16:25:12,891 - CAO: Hak
2025-04-23 16:25:13,895 - CAO: Hello
2025-04-23 16:25:13,895 - CAO: Hak
2025-04-23 16:25:14,899 - CAO: Hello
2025-04-23 16:25:14,899 - CAO: Hak
2025-04-23 16:25:15,903 - CAO: Hello
2025-04-23 16:25:15,903 - CAO: Hak
2025-04-23 16:25:16,906 - CAO: Hello
2025-04-23 16:25:16,907 - CAO: Hak
2025-04-23 16:25:17,910 - CAO: Hello
2025-04-23 16:25:17,911 - CAO: Hak
2025-04-23 16:25:18,913 - CAO: Hello
2025-04-23 16:25:18,913 - CAO: Hak
2025-04-23 16:25:19,917 - CAO: Hello
2025-04-23 16:25:19,918 - CAO: Hak
2025-04-23 16:25:20,921 - CAO: Hello
2025-04-23 16:25:20,921 - CAO: Hak
2025-04-23 16:25:21,926 - CAO: Hello
2025-04-23 16:25:21,926 - CAO: Hak
2025-04-23 16:25:22,930 - CAO: Hello
2025-04-23 16:25:22,931 - CAO: Hak
2025-04-23 16:25:23,934 - CAO: Hello
2025-04-23 16:25:23,935 - CAO: Hak
2025-04-23 16:25:24,941 - CAO: Hello
2025-04-23 16:25:24,942 - CAO: Hak
2025-04-23 16:25:25,945 - CAO: Hello
2025-04-23 16:25:25,945 - CAO: Hak
2025-04-23 16:25:26,949 - CAO: Hello
2025-04-23 16:25:26,949 - CAO: Hak
2025-04-23 16:25:27,953 - CAO: Hello
2025-04-23 16:25:27,954 - CAO: Hak
2025-04-23 16:25:28,959 - CAO: Hello
2025-04-23 16:25:28,960 - CAO: Hak
2025-04-23 16:25:29,965 - CAO: Hello
2025-04-23 16:25:29,965 - CAO: Hak
2025-04-23 16:25:30,970 - CAO: Hello
2025-04-23 16:25:30,971 - CAO: Hak
2025-04-23 16:25:31,974 - CAO: Hello
2025-04-23 16:25:31,974 - CAO: Hak
2025-04-23 16:25:32,978 - CAO: Hello
2025-04-23 16:25:32,979 - CAO: Hak
2025-04-23 16:25:33,984 - CAO: Hello
2025-04-23 16:25:33,984 - CAO: Hak
2025-04-23 16:25:34,988 - CAO: Hello
2025-04-23 16:25:34,989 - CAO: Hak
2025-04-23 16:25:35,993 - CAO: Hello
2025-04-23 16:25:35,993 - CAO: Hak
2025-04-23 16:25:36,998 - CAO: Hello
2025-04-23 16:25:36,998 - CAO: Hak
2025-04-23 16:25:38,002 - CAO: Hello
2025-04-23 16:25:38,002 - CAO: Hak
2025-04-23 16:25:39,006 - CAO: Hello
2025-04-23 16:25:39,006 - CAO: Hak
2025-04-23 16:25:40,010 - CAO: Hello
2025-04-23 16:25:40,010 - CAO: Hak
2025-04-23 16:25:41,014 - CAO: Hello
2025-04-23 16:25:41,014 - CAO: Hak
2025-04-23 16:25:42,019 - CAO: Hello
2025-04-23 16:25:42,019 - CAO: Hak
2025-04-23 16:25:43,023 - CAO: Hello
2025-04-23 16:25:43,023 - CAO: Hak
2025-04-23 16:25:44,027 - CAO: Hello
2025-04-23 16:25:44,027 - CAO: Hak
2025-04-23 16:25:45,031 - CAO: Hello
2025-04-23 16:25:45,031 - CAO: Hak
2025-04-23 16:25:46,035 - CAO: Hello
2025-04-23 16:25:46,035 - CAO: Hak
2025-04-23 16:25:47,039 - CAO: Hello
2025-04-23 16:25:47,039 - CAO: Hak
2025-04-23 16:25:48,043 - CAO: Hello
2025-04-23 16:25:48,043 - CAO: Hak
2025-04-23 16:25:49,047 - CAO: Hello
2025-04-23 16:25:49,047 - CAO: Hak
2025-04-23 16:25:50,051 - CAO: Hello
2025-04-23 16:25:50,051 - CAO: Hak
2025-04-23 16:25:51,056 - CAO: Hello
2025-04-23 16:25:51,056 - CAO: Hak
2025-04-23 16:25:52,058 - CAO: Hello
2025-04-23 16:25:52,059 - CAO: Hak
2025-04-23 16:25:53,061 - CAO: Hello
2025-04-23 16:25:53,062 - CAO: Hak
2025-04-23 16:25:54,065 - CAO: Hello
2025-04-23 16:25:54,066 - CAO: Hak
2025-04-23 16:25:55,069 - CAO: Hello
2025-04-23 16:25:55,070 - CAO: Hak
2025-04-23 16:25:56,074 - CAO: Hello
2025-04-23 16:25:56,074 - CAO: Hak
2025-04-23 16:25:57,078 - CAO: Hello
2025-04-23 16:25:57,079 - CAO: Hak
2025-04-23 16:25:58,083 - CAO: Hello
2025-04-23 16:25:58,083 - CAO: Hak
2025-04-23 16:25:59,087 - CAO: Hello
2025-04-23 16:25:59,087 - CAO: Hak
2025-04-23 16:26:00,092 - CAO: Hello
2025-04-23 16:26:00,092 - CAO: Hak
2025-04-23 16:26:01,096 - CAO: Hello
2025-04-23 16:26:01,096 - CAO: Hak
2025-04-23 16:26:02,100 - CAO: Hello
2025-04-23 16:26:02,100 - CAO: Hak
2025-04-23 16:26:03,104 - CAO: Hello
2025-04-23 16:26:03,104 - CAO: Hak
2025-04-23 16:26:04,108 - CAO: Hello
2025-04-23 16:26:04,108 - CAO: Hak
2025-04-23 16:26:05,112 - CAO: Hello
2025-04-23 16:26:05,112 - CAO: Hak
2025-04-23 16:26:06,117 - CAO: Hello
2025-04-23 16:26:06,117 - CAO: Hak
2025-04-23 16:26:07,122 - CAO: Hello
2025-04-23 16:26:07,122 - CAO: Hak
2025-04-23 16:26:08,128 - CAO: Hello
2025-04-23 16:26:08,128 - CAO: Hak
2025-04-23 16:26:09,133 - CAO: Hello
2025-04-23 16:26:09,133 - CAO: Hak
2025-04-23 16:26:10,137 - CAO: Hello
2025-04-23 16:26:10,137 - CAO: Hak
2025-04-23 16:26:11,141 - CAO: Hello
2025-04-23 16:26:11,141 - CAO: Hak
2025-04-23 16:26:12,145 - CAO: Hello
2025-04-23 16:26:12,145 - CAO: Hak
2025-04-23 16:26:13,155 - CAO: Hello
2025-04-23 16:26:13,155 - CAO: Hak
2025-04-23 16:26:14,159 - CAO: Hello
2025-04-23 16:26:14,159 - CAO: Hak
2025-04-23 16:26:15,163 - CAO: Hello
2025-04-23 16:26:15,163 - CAO: Hak
2025-04-23 16:26:16,166 - CAO: Hello
2025-04-23 16:26:16,166 - CAO: Hak
2025-04-23 16:26:17,170 - CAO: Hello
2025-04-23 16:26:17,170 - CAO: Hak
2025-04-23 16:26:18,174 - CAO: Hello
2025-04-23 16:26:18,174 - CAO: Hak
2025-04-23 16:26:19,178 - CAO: Hello
2025-04-23 16:26:19,178 - CAO: Hak
2025-04-23 16:26:20,182 - CAO: Hello
2025-04-23 16:26:20,182 - CAO: Hak
2025-04-23 16:26:21,186 - CAO: Hello
2025-04-23 16:26:21,187 - CAO: Hak
2025-04-23 16:26:22,190 - CAO: Hello
2025-04-23 16:26:22,190 - CAO: Hak
2025-04-23 16:26:23,194 - CAO: Hello
2025-04-23 16:26:23,194 - CAO: Hak
2025-04-23 16:26:24,198 - CAO: Hello
2025-04-23 16:26:24,198 - CAO: Hak
2025-04-23 16:26:25,202 - CAO: Hello
2025-04-23 16:26:25,202 - CAO: Hak
2025-04-23 16:26:26,205 - CAO: Hello
2025-04-23 16:26:26,205 - CAO: Hak
2025-04-23 16:26:27,208 - CAO: Hello
2025-04-23 16:26:27,209 - CAO: Hak
2025-04-23 16:26:28,213 - CAO: Hello
2025-04-23 16:26:28,213 - CAO: Hak
2025-04-23 16:26:29,216 - CAO: Hello
2025-04-23 16:26:29,217 - CAO: Hak
2025-04-23 16:26:30,220 - CAO: Hello
2025-04-23 16:26:30,221 - CAO: Hak
2025-04-23 16:26:31,224 - CAO: Hello
2025-04-23 16:26:31,225 - CAO: Hak
2025-04-23 16:26:32,228 - CAO: Hello
2025-04-23 16:26:32,229 - CAO: Hak
2025-04-23 16:26:33,233 - CAO: Hello
2025-04-23 16:26:33,233 - CAO: Hak
2025-04-23 16:26:34,237 - CAO: Hello
2025-04-23 16:26:34,237 - CAO: Hak
2025-04-23 16:26:35,240 - CAO: Hello
2025-04-23 16:26:35,241 - CAO: Hak
2025-04-23 16:26:36,244 - CAO: Hello
2025-04-23 16:26:36,244 - CAO: Hak
2025-04-23 16:26:37,248 - CAO: Hello
2025-04-23 16:26:37,248 - CAO: Hak
2025-04-23 16:26:38,251 - CAO: Hello
2025-04-23 16:26:38,252 - CAO: Hak
2025-04-23 16:26:39,255 - CAO: Hello
2025-04-23 16:26:39,255 - CAO: Hak
2025-04-23 16:26:40,259 - CAO: Hello
2025-04-23 16:26:40,260 - CAO: Hak
2025-04-23 16:26:41,264 - CAO: Hello
2025-04-23 16:26:41,264 - CAO: Hak
2025-04-23 16:26:42,269 - CAO: Hello
2025-04-23 16:26:42,269 - CAO: Hak
2025-04-23 16:26:43,273 - CAO: Hello
2025-04-23 16:26:43,273 - CAO: Hak
2025-04-23 16:26:44,276 - CAO: Hello
2025-04-23 16:26:44,277 - CAO: Hak
2025-04-23 16:26:45,280 - CAO: Hello
2025-04-23 16:26:45,280 - CAO: Hak
2025-04-23 16:26:46,284 - CAO: Hello
2025-04-23 16:26:46,284 - CAO: Hak
2025-04-23 16:26:47,288 - CAO: Hello
2025-04-23 16:26:47,289 - CAO: Hak
2025-04-23 16:26:48,292 - CAO: Hello
2025-04-23 16:26:48,292 - CAO: Hak
2025-04-23 16:26:49,296 - CAO: Hello
2025-04-23 16:26:49,296 - CAO: Hak
2025-04-23 16:26:50,300 - CAO: Hello
2025-04-23 16:26:50,300 - CAO: Hak
2025-04-23 16:26:51,304 - CAO: Hello
2025-04-23 16:26:51,305 - CAO: Hak
2025-04-23 16:26:52,309 - CAO: Hello
2025-04-23 16:26:52,309 - CAO: Hak
2025-04-23 16:26:53,313 - CAO: Hello
2025-04-23 16:26:53,313 - CAO: Hak
2025-04-23 16:26:54,317 - CAO: Hello
2025-04-23 16:26:54,317 - CAO: Hak
2025-04-23 16:26:55,322 - CAO: Hello
2025-04-23 16:26:55,322 - CAO: Hak
2025-04-23 16:26:56,325 - CAO: Hello
2025-04-23 16:26:56,325 - CAO: Hak
2025-04-23 16:26:57,330 - CAO: Hello
2025-04-23 16:26:57,330 - CAO: Hak
2025-04-23 16:26:58,334 - CAO: Hello
2025-04-23 16:26:58,334 - CAO: Hak
2025-04-23 16:26:59,337 - CAO: Hello
2025-04-23 16:26:59,338 - CAO: Hak
2025-04-23 16:27:00,341 - CAO: Hello
2025-04-23 16:27:00,342 - CAO: Hak
2025-04-23 16:27:01,346 - CAO: Hello
2025-04-23 16:27:01,346 - CAO: Hak
2025-04-23 16:27:02,349 - CAO: Hello
2025-04-23 16:27:02,349 - CAO: Hak
2025-04-23 16:27:03,352 - CAO: Hello
2025-04-23 16:27:03,353 - CAO: Hak
2025-04-23 16:27:04,356 - CAO: Hello
2025-04-23 16:27:04,357 - CAO: Hak
2025-04-23 16:27:05,360 - CAO: Hello
2025-04-23 16:27:05,360 - CAO: Hak
2025-04-23 16:27:06,363 - CAO: Hello
2025-04-23 16:27:06,363 - CAO: Hak
2025-04-23 16:27:07,367 - CAO: Hello
2025-04-23 16:27:07,367 - CAO: Hak
2025-04-23 16:27:08,371 - CAO: Hello
2025-04-23 16:27:08,371 - CAO: Hak
2025-04-23 16:27:09,375 - CAO: Hello
2025-04-23 16:27:09,375 - CAO: Hak
2025-04-23 16:27:10,379 - CAO: Hello
2025-04-23 16:27:10,379 - CAO: Hak
2025-04-23 16:27:11,382 - CAO: Hello
2025-04-23 16:27:11,383 - CAO: Hak
2025-04-23 16:27:12,387 - CAO: Hello
2025-04-23 16:27:12,387 - CAO: Hak
2025-04-23 16:27:13,390 - CAO: Hello
2025-04-23 16:27:13,390 - CAO: Hak
2025-04-23 16:27:14,394 - CAO: Hello
2025-04-23 16:27:14,394 - CAO: Hak
2025-04-23 16:27:15,405 - CAO: Hello
2025-04-23 16:27:15,405 - CAO: Hak
2025-04-23 16:27:16,409 - CAO: Hello
2025-04-23 16:27:16,410 - CAO: Hak
2025-04-23 16:27:17,413 - CAO: Hello
2025-04-23 16:27:17,413 - CAO: Hak
2025-04-23 16:27:18,418 - CAO: Hello
2025-04-23 16:27:18,419 - CAO: Hak
2025-04-23 16:27:19,423 - CAO: Hello
2025-04-23 16:27:19,423 - CAO: Hak
2025-04-23 16:27:20,434 - CAO: Hello
2025-04-23 16:27:20,435 - CAO: Hak
2025-04-23 16:27:21,439 - CAO: Hello
2025-04-23 16:27:21,439 - CAO: Hak
2025-04-23 16:27:22,443 - CAO: Hello
2025-04-23 16:27:22,444 - CAO: Hak
2025-04-23 16:27:23,449 - CAO: Hello
2025-04-23 16:27:23,450 - CAO: Hak
2025-04-23 16:27:24,455 - CAO: Hello
2025-04-23 16:27:24,456 - CAO: Hak
2025-04-23 16:27:25,462 - CAO: Hello
2025-04-23 16:27:25,463 - CAO: Hak
2025-04-23 16:27:26,466 - CAO: Hello
2025-04-23 16:27:26,466 - CAO: Hak
2025-04-23 16:27:27,471 - CAO: Hello
2025-04-23 16:27:27,472 - CAO: Hak
2025-04-23 16:27:28,476 - CAO: Hello
2025-04-23 16:27:28,477 - CAO: Hak
2025-04-23 16:27:29,481 - CAO: Hello
2025-04-23 16:27:29,481 - CAO: Hak
2025-04-23 16:27:30,491 - CAO: Hello
2025-04-23 16:27:30,492 - CAO: Hak
2025-04-23 16:27:31,496 - CAO: Hello
2025-04-23 16:27:31,496 - CAO: Hak
2025-04-23 16:27:32,500 - CAO: Hello
2025-04-23 16:27:32,501 - CAO: Hak
2025-04-23 16:27:33,507 - CAO: Hello
2025-04-23 16:27:33,507 - CAO: Hak
2025-04-23 16:27:34,510 - CAO: Hello
2025-04-23 16:27:34,510 - CAO: Hak
2025-04-23 16:27:35,514 - CAO: Hello
2025-04-23 16:27:35,514 - CAO: Hak
2025-04-23 16:27:36,520 - CAO: Hello
2025-04-23 16:27:36,520 - CAO: Hak
2025-04-23 16:27:37,525 - CAO: Hello
2025-04-23 16:27:37,526 - CAO: Hak
2025-04-23 16:27:38,529 - CAO: Hello
2025-04-23 16:27:38,529 - CAO: Hak
2025-04-23 16:27:39,532 - CAO: Hello
2025-04-23 16:27:39,532 - CAO: Hak
2025-04-23 16:27:40,536 - CAO: Hello
2025-04-23 16:27:40,536 - CAO: Hak
2025-04-23 16:27:41,539 - CAO: Hello
2025-04-23 16:27:41,540 - CAO: Hak
2025-04-23 16:27:42,545 - CAO: Hello
2025-04-23 16:27:42,545 - CAO: Hak
2025-04-23 16:27:43,548 - CAO: Hello
2025-04-23 16:27:43,549 - CAO: Hak
2025-04-23 16:27:44,552 - CAO: Hello
2025-04-23 16:27:44,552 - CAO: Hak
2025-04-23 16:27:45,560 - CAO: Hello
2025-04-23 16:27:45,560 - CAO: Hak
2025-04-23 16:27:46,565 - CAO: Hello
2025-04-23 16:27:46,565 - CAO: Hak
2025-04-23 16:27:47,568 - CAO: Hello
2025-04-23 16:27:47,569 - CAO: Hak
2025-04-23 16:27:48,572 - CAO: Hello
2025-04-23 16:27:48,572 - CAO: Hak
2025-04-23 16:27:49,576 - CAO: Hello
2025-04-23 16:27:49,576 - CAO: Hak
2025-04-23 16:27:50,580 - CAO: Hello
2025-04-23 16:27:50,580 - CAO: Hak
2025-04-23 16:27:51,583 - CAO: Hello
2025-04-23 16:27:51,583 - CAO: Hak
2025-04-23 16:27:52,587 - CAO: Hello
2025-04-23 16:27:52,587 - CAO: Hak
2025-04-23 16:27:53,592 - CAO: Hello
2025-04-23 16:27:53,592 - CAO: Hak
2025-04-23 16:27:54,597 - CAO: Hello
2025-04-23 16:27:54,597 - CAO: Hak
2025-04-23 16:27:55,601 - CAO: Hello
2025-04-23 16:27:55,601 - CAO: Hak
2025-04-23 16:27:56,607 - CAO: Hello
2025-04-23 16:27:56,608 - CAO: Hak
2025-04-23 16:27:57,616 - CAO: Hello
2025-04-23 16:27:57,616 - CAO: Hak
2025-04-23 16:27:58,619 - CAO: Hello
2025-04-23 16:27:58,620 - CAO: Hak
2025-04-23 16:27:59,623 - CAO: Hello
2025-04-23 16:27:59,623 - CAO: Hak
2025-04-23 16:28:00,627 - CAO: Hello
2025-04-23 16:28:00,627 - CAO: Hak
2025-04-23 16:28:01,630 - CAO: Hello
2025-04-23 16:28:01,630 - CAO: Hak
2025-04-23 16:28:02,634 - CAO: Hello
2025-04-23 16:28:02,634 - CAO: Hak
2025-04-23 16:28:03,638 - CAO: Hello
2025-04-23 16:28:03,638 - CAO: Hak
2025-04-23 16:28:04,643 - CAO: Hello
2025-04-23 16:28:04,644 - CAO: Hak
2025-04-23 16:28:05,648 - CAO: Hello
2025-04-23 16:28:05,648 - CAO: Hak
2025-04-23 16:28:06,651 - CAO: Hello
2025-04-23 16:28:06,652 - CAO: Hak
2025-04-23 16:28:07,655 - CAO: Hello
2025-04-23 16:28:07,656 - CAO: Hak
2025-04-23 16:28:08,659 - CAO: Hello
2025-04-23 16:28:08,660 - CAO: Hak
2025-04-23 16:28:09,664 - CAO: Hello
2025-04-23 16:28:09,664 - CAO: Hak
2025-04-23 16:28:10,669 - CAO: Hello
2025-04-23 16:28:10,669 - CAO: Hak
2025-04-23 16:28:11,673 - CAO: Hello
2025-04-23 16:28:11,673 - CAO: Hak
2025-04-23 16:28:12,684 - CAO: Hello
2025-04-23 16:28:12,684 - CAO: Hak
2025-04-23 16:28:13,688 - CAO: Hello
2025-04-23 16:28:13,688 - CAO: Hak
2025-04-23 16:28:14,692 - CAO: Hello
2025-04-23 16:28:14,692 - CAO: Hak
2025-04-23 16:28:15,696 - CAO: Hello
2025-04-23 16:28:15,697 - CAO: Hak
2025-04-23 16:28:16,701 - CAO: Hello
2025-04-23 16:28:16,701 - CAO: Hak
2025-04-23 16:28:17,705 - CAO: Hello
2025-04-23 16:28:17,705 - CAO: Hak
2025-04-23 16:28:18,709 - CAO: Hello
2025-04-23 16:28:18,710 - CAO: Hak
2025-04-23 16:28:19,713 - CAO: Hello
2025-04-23 16:28:19,713 - CAO: Hak
2025-04-23 16:28:20,717 - CAO: Hello
2025-04-23 16:28:20,717 - CAO: Hak
2025-04-23 16:28:21,722 - CAO: Hello
2025-04-23 16:28:21,722 - CAO: Hak
2025-04-23 16:28:22,726 - CAO: Hello
2025-04-23 16:28:22,726 - CAO: Hak
2025-04-23 16:28:23,730 - CAO: Hello
2025-04-23 16:28:23,731 - CAO: Hak
2025-04-23 16:28:24,736 - CAO: Hello
2025-04-23 16:28:24,737 - CAO: Hak
2025-04-23 16:28:25,742 - CAO: Hello
2025-04-23 16:28:25,742 - CAO: Hak
2025-04-23 16:28:26,746 - CAO: Hello
2025-04-23 16:28:26,747 - CAO: Hak
2025-04-23 16:28:27,751 - CAO: Hello
2025-04-23 16:28:27,752 - CAO: Hak
2025-04-23 16:28:28,756 - CAO: Hello
2025-04-23 16:28:28,757 - CAO: Hak
2025-04-23 16:28:29,760 - CAO: Hello
2025-04-23 16:28:29,761 - CAO: Hak
2025-04-23 16:28:30,764 - CAO: Hello
2025-04-23 16:28:30,765 - CAO: Hak
2025-04-23 16:28:31,769 - CAO: Hello
2025-04-23 16:28:31,770 - CAO: Hak
2025-04-23 16:28:32,773 - CAO: Hello
2025-04-23 16:28:32,774 - CAO: Hak
2025-04-23 16:28:33,779 - CAO: Hello
2025-04-23 16:28:33,780 - CAO: Hak
2025-04-23 16:28:34,784 - CAO: Hello
2025-04-23 16:28:34,784 - CAO: Hak
2025-04-23 16:28:35,788 - CAO: Hello
2025-04-23 16:28:35,789 - CAO: Hak
2025-04-23 16:28:36,794 - CAO: Hello
2025-04-23 16:28:36,794 - CAO: Hak
2025-04-23 16:28:37,798 - CAO: Hello
2025-04-23 16:28:37,798 - CAO: Hak
2025-04-23 16:28:38,802 - CAO: Hello
2025-04-23 16:28:38,802 - CAO: Hak
2025-04-23 16:28:39,810 - CAO: Hello
2025-04-23 16:28:39,810 - CAO: Hak
2025-04-23 16:28:40,814 - CAO: Hello
2025-04-23 16:28:40,814 - CAO: Hak
2025-04-23 16:28:41,818 - CAO: Hello
2025-04-23 16:28:41,818 - CAO: Hak
2025-04-23 16:28:42,825 - CAO: Hello
2025-04-23 16:28:42,825 - CAO: Hak
2025-04-23 16:28:43,830 - CAO: Hello
2025-04-23 16:28:43,830 - CAO: Hak
2025-04-23 16:28:44,834 - CAO: Hello
2025-04-23 16:28:44,834 - CAO: Hak
2025-04-23 16:28:45,840 - CAO: Hello
2025-04-23 16:28:45,841 - CAO: Hak
2025-04-23 16:28:46,844 - CAO: Hello
2025-04-23 16:28:46,845 - CAO: Hak
2025-04-23 16:28:47,852 - CAO: Hello
2025-04-23 16:28:47,852 - CAO: Hak
2025-04-23 16:28:48,855 - CAO: Hello
2025-04-23 16:28:48,855 - CAO: Hak
2025-04-23 16:28:49,859 - CAO: Hello
2025-04-23 16:28:49,860 - CAO: Hak
2025-04-23 16:28:50,864 - CAO: Hello
2025-04-23 16:28:50,864 - CAO: Hak
2025-04-23 16:28:51,868 - CAO: Hello
2025-04-23 16:28:51,869 - CAO: Hak
2025-04-23 16:28:52,872 - CAO: Hello
2025-04-23 16:28:52,873 - CAO: Hak
2025-04-23 16:28:53,879 - CAO: Hello
2025-04-23 16:28:53,880 - CAO: Hak
2025-04-23 16:28:54,884 - CAO: Hello
2025-04-23 16:28:54,885 - CAO: Hak
2025-04-23 16:28:55,897 - CAO: Hello
2025-04-23 16:28:55,897 - CAO: Hak
2025-04-23 16:28:56,901 - CAO: Hello
2025-04-23 16:28:56,902 - CAO: Hak
2025-04-23 16:28:57,905 - CAO: Hello
2025-04-23 16:28:57,905 - CAO: Hak
2025-04-23 16:28:58,911 - CAO: Hello
2025-04-23 16:28:58,911 - CAO: Hak
2025-04-23 16:28:59,915 - CAO: Hello
2025-04-23 16:28:59,916 - CAO: Hak
2025-04-23 16:29:00,920 - CAO: Hello
2025-04-23 16:29:00,920 - CAO: Hak
2025-04-23 16:29:01,925 - CAO: Hello
2025-04-23 16:29:01,925 - CAO: Hak
2025-04-23 16:29:02,929 - CAO: Hello
2025-04-23 16:29:02,929 - CAO: Hak
2025-04-23 16:29:03,933 - CAO: Hello
2025-04-23 16:29:03,933 - CAO: Hak
2025-04-23 16:29:04,938 - CAO: Hello
2025-04-23 16:29:04,938 - CAO: Hak
2025-04-23 16:29:05,942 - CAO: Hello
2025-04-23 16:29:05,942 - CAO: Hak
2025-04-23 16:29:06,945 - CAO: Hello
2025-04-23 16:29:06,945 - CAO: Hak
2025-04-23 16:29:07,950 - CAO: Hello
2025-04-23 16:29:07,950 - CAO: Hak
2025-04-23 16:29:08,954 - CAO: Hello
2025-04-23 16:29:08,954 - CAO: Hak
2025-04-23 16:29:09,959 - CAO: Hello
2025-04-23 16:29:09,959 - CAO: Hak
2025-04-23 16:29:10,964 - CAO: Hello
2025-04-23 16:29:10,964 - CAO: Hak
2025-04-23 16:29:11,969 - CAO: Hello
2025-04-23 16:29:11,970 - CAO: Hak
2025-04-23 16:29:12,973 - CAO: Hello
2025-04-23 16:29:12,974 - CAO: Hak
2025-04-23 16:29:13,979 - CAO: Hello
2025-04-23 16:29:13,979 - CAO: Hak
2025-04-23 16:29:14,982 - CAO: Hello
2025-04-23 16:29:14,982 - CAO: Hak
2025-04-23 16:29:15,992 - CAO: Hello
2025-04-23 16:29:15,993 - CAO: Hak
2025-04-23 16:29:16,996 - CAO: Hello
2025-04-23 16:29:16,997 - CAO: Hak
2025-04-23 16:29:18,000 - CAO: Hello
2025-04-23 16:29:18,001 - CAO: Hak
2025-04-23 16:29:19,005 - CAO: Hello
2025-04-23 16:29:19,006 - CAO: Hak
2025-04-23 16:29:20,009 - CAO: Hello
2025-04-23 16:29:20,009 - CAO: Hak
2025-04-23 16:29:21,013 - CAO: Hello
2025-04-23 16:29:21,013 - CAO: Hak
2025-04-23 16:29:22,016 - CAO: Hello
2025-04-23 16:29:22,016 - CAO: Hak
2025-04-23 16:29:23,026 - CAO: Hello
2025-04-23 16:29:23,027 - CAO: Hak
2025-04-23 16:29:24,031 - CAO: Hello
2025-04-23 16:29:24,031 - CAO: Hak
2025-04-23 16:29:25,034 - CAO: Hello
2025-04-23 16:29:25,034 - CAO: Hak
2025-04-23 16:29:26,038 - CAO: Hello
2025-04-23 16:29:26,038 - CAO: Hak
2025-04-23 16:29:27,041 - CAO: Hello
2025-04-23 16:29:27,041 - CAO: Hak
2025-04-23 16:29:28,045 - CAO: Hello
2025-04-23 16:29:28,045 - CAO: Hak
2025-04-23 16:29:29,049 - CAO: Hello
2025-04-23 16:29:29,049 - CAO: Hak
2025-04-23 16:29:30,053 - CAO: Hello
2025-04-23 16:29:30,053 - CAO: Hak
2025-04-23 16:29:31,061 - CAO: Hello
2025-04-23 16:29:31,062 - CAO: Hak
2025-04-23 16:29:32,065 - CAO: Hello
2025-04-23 16:29:32,066 - CAO: Hak
2025-04-23 16:29:33,069 - CAO: Hello
2025-04-23 16:29:33,069 - CAO: Hak
2025-04-23 16:29:34,075 - CAO: Hello
2025-04-23 16:29:34,075 - CAO: Hak
2025-04-23 16:29:35,083 - CAO: Hello
2025-04-23 16:29:35,083 - CAO: Hak
2025-04-23 16:29:36,087 - CAO: Hello
2025-04-23 16:29:36,087 - CAO: Hak
2025-04-23 16:29:37,091 - CAO: Hello
2025-04-23 16:29:37,091 - CAO: Hak
2025-04-23 16:29:38,095 - CAO: Hello
2025-04-23 16:29:38,095 - CAO: Hak
2025-04-23 16:34:39,304 - CAO: Hello
2025-04-23 16:34:39,306 - CAO: Hak
2025-04-23 16:34:40,310 - CAO: Hello
2025-04-23 16:34:40,311 - CAO: Hak
2025-04-23 16:34:41,324 - CAO: Hello
2025-04-23 16:34:41,324 - CAO: Hak
2025-04-23 16:34:42,328 - CAO: Hello
2025-04-23 16:34:42,329 - CAO: Hak
2025-04-23 16:34:43,332 - CAO: Hello
2025-04-23 16:34:43,333 - CAO: Hak
2025-04-23 16:34:44,336 - CAO: Hello
2025-04-23 16:34:44,337 - CAO: Hak
2025-04-23 16:34:45,341 - CAO: Hello
2025-04-23 16:34:45,341 - CAO: Hak
2025-04-23 16:34:46,346 - CAO: Hello
2025-04-23 16:34:46,346 - CAO: Hak
2025-04-23 16:34:47,352 - CAO: Hello
2025-04-23 16:34:47,352 - CAO: Hak
2025-04-23 16:34:48,357 - CAO: Hello
2025-04-23 16:34:48,358 - CAO: Hak
2025-04-23 16:34:49,363 - CAO: Hello
2025-04-23 16:34:49,364 - CAO: Hak
2025-04-23 16:34:50,368 - CAO: Hello
2025-04-23 16:34:50,368 - CAO: Hak
2025-04-23 16:34:51,372 - CAO: Hello
2025-04-23 16:34:51,373 - CAO: Hak
2025-04-23 16:34:52,377 - CAO: Hello
2025-04-23 16:34:52,378 - CAO: Hak
2025-04-23 16:34:53,382 - CAO: Hello
2025-04-23 16:34:53,383 - CAO: Hak
2025-04-23 16:34:54,387 - CAO: Hello
2025-04-23 16:34:54,388 - CAO: Hak
2025-04-23 16:34:55,393 - CAO: Hello
2025-04-23 16:34:55,393 - CAO: Hak
2025-04-23 16:34:56,398 - CAO: Hello
2025-04-23 16:34:56,399 - CAO: Hak
2025-04-23 16:34:57,403 - CAO: Hello
2025-04-23 16:34:57,405 - CAO: Hak
2025-04-23 16:34:58,409 - CAO: Hello
2025-04-23 16:34:58,410 - CAO: Hak
2025-04-23 16:34:59,414 - CAO: Hello
2025-04-23 16:34:59,415 - CAO: Hak
2025-04-23 16:35:00,419 - CAO: Hello
2025-04-23 16:35:00,419 - CAO: Hak
2025-04-23 16:35:01,423 - CAO: Hello
2025-04-23 16:35:01,424 - CAO: Hak
2025-04-23 16:35:02,428 - CAO: Hello
2025-04-23 16:35:02,428 - CAO: Hak
2025-04-23 16:35:03,433 - CAO: Hello
2025-04-23 16:35:03,434 - CAO: Hak
2025-04-23 16:35:04,438 - CAO: Hello
2025-04-23 16:35:04,438 - CAO: Hak
2025-04-23 16:35:05,442 - CAO: Hello
2025-04-23 16:35:05,443 - CAO: Hak
2025-04-23 16:35:06,447 - CAO: Hello
2025-04-23 16:35:06,448 - CAO: Hak
2025-04-23 16:35:07,452 - CAO: Hello
2025-04-23 16:35:07,453 - CAO: Hak
2025-04-23 16:35:08,458 - CAO: Hello
2025-04-23 16:35:08,459 - CAO: Hak
2025-04-23 16:35:09,462 - CAO: Hello
2025-04-23 16:35:09,463 - CAO: Hak
2025-04-23 16:35:10,467 - CAO: Hello
2025-04-23 16:35:10,468 - CAO: Hak
2025-04-23 16:35:11,471 - CAO: Hello
2025-04-23 16:35:11,472 - CAO: Hak
2025-04-23 16:35:12,477 - CAO: Hello
2025-04-23 16:35:12,478 - CAO: Hak
2025-04-23 16:35:13,482 - CAO: Hello
2025-04-23 16:35:13,483 - CAO: Hak
2025-04-23 16:35:14,487 - CAO: Hello
2025-04-23 16:35:14,488 - CAO: Hak
2025-04-23 16:35:15,492 - CAO: Hello
2025-04-23 16:35:15,493 - CAO: Hak
2025-04-23 16:35:16,497 - CAO: Hello
2025-04-23 16:35:16,497 - CAO: Hak
2025-04-23 16:35:17,502 - CAO: Hello
2025-04-23 16:35:17,503 - CAO: Hak
2025-04-23 21:20:27,174 - CAO THANH: Hello
2025-04-23 21:20:28,176 - [21:20] CAO THANH: Hello
2025-04-23 21:20:29,180 - [21:20] CAO THANH: Hello
2025-04-23 21:20:30,183 - [21:20] CAO THANH: Hello
2025-04-23 21:20:31,187 - [21:20] CAO THANH: Hello
2025-04-23 21:20:32,191 - [21:20] CAO THANH: Hello
2025-04-23 21:20:33,195 - [21:20] CAO THANH: Hello
2025-04-23 21:20:34,199 - [21:20] CAO THANH: Hello
2025-04-23 21:20:35,202 - [21:20] CAO THANH: Hello
2025-04-23 21:20:36,206 - [21:20] CAO THANH: Hello
2025-04-23 21:20:37,210 - [21:20] CAO THANH: Hello
2025-04-23 21:20:38,214 - [21:20] CAO THANH: Hello
2025-04-23 21:20:39,217 - [21:20] CAO THANH: Hello
2025-04-23 21:20:40,221 - [21:20] CAO THANH: Hello
2025-04-23 21:20:41,225 - [21:20] CAO THANH: Hello
2025-04-23 21:20:42,230 - [21:20] CAO THANH: Hello
2025-04-23 21:20:43,234 - [21:20] CAO THANH: Hello
2025-04-23 21:20:44,238 - [21:20] CAO THANH: Hello
2025-04-23 21:20:45,242 - [21:20] CAO THANH: Hello
2025-04-23 21:20:46,245 - [21:20] CAO THANH: Hello
2025-04-23 21:20:47,249 - [21:20] CAO THANH: Hello
2025-04-23 21:20:48,253 - [21:20] CAO THANH: Hello
2025-04-23 21:20:49,258 - [21:20] CAO THANH: Hello
2025-04-23 21:20:50,263 - [21:20] CAO THANH: Hello
2025-04-23 21:20:51,267 - [21:20] CAO THANH: Hello
2025-04-23 21:20:52,272 - [21:20] CAO THANH: Hello
2025-04-23 21:20:53,276 - [21:20] CAO THANH: Hello
2025-04-23 21:20:54,280 - [21:20] CAO THANH: Hello
2025-04-23 21:20:55,283 - [21:20] CAO THANH: Hello
2025-04-23 21:20:56,287 - [21:20] CAO THANH: Hello
2025-04-23 21:20:57,290 - [21:20] CAO THANH: Hello
2025-04-23 21:20:58,295 - [21:20] CAO THANH: Hello
2025-04-23 21:20:59,300 - [21:20] CAO THANH: Hello
2025-04-23 21:21:00,305 - [21:20] CAO THANH: Hello
2025-04-23 21:21:01,308 - [21:20] CAO THANH: Hello
2025-04-23 21:21:02,312 - [21:20] CAO THANH: Hello
2025-04-23 21:21:03,316 - [21:20] CAO THANH: Hello
2025-04-23 21:21:04,321 - [21:20] CAO THANH: Hello
2025-04-23 21:21:05,325 - [21:20] CAO THANH: Hello
2025-04-23 21:21:06,329 - [21:20] CAO THANH: Hello
2025-04-23 21:21:07,334 - [21:20] CAO THANH: Hello
2025-04-23 21:21:08,339 - [21:20] CAO THANH: Hello
2025-04-23 21:21:09,344 - [21:20] CAO THANH: Hello
2025-04-23 21:21:10,349 - [21:20] CAO THANH: Hello
2025-04-23 21:21:11,352 - [21:20] CAO THANH: Hello
2025-04-23 21:21:12,357 - [21:20] CAO THANH: Hello
2025-04-23 21:21:13,360 - [21:20] CAO THANH: Hello
2025-04-23 21:21:14,365 - [21:20] CAO THANH: Hello
2025-04-23 21:21:15,369 - [21:20] CAO THANH: Hello
2025-04-23 21:21:16,373 - [21:20] CAO THANH: Hello
2025-04-23 21:21:17,377 - [21:20] CAO THANH: Hello
2025-04-23 21:21:18,381 - [21:20] CAO THANH: Hello
2025-04-23 21:21:19,386 - [21:20] CAO THANH: Hello
2025-04-23 21:21:20,389 - [21:20] CAO THANH: Hello
2025-04-23 21:21:21,393 - [21:20] CAO THANH: Hello
2025-04-23 21:21:22,398 - [21:20] CAO THANH: Hello
2025-04-23 21:21:23,403 - [21:20] CAO THANH: Hello
2025-04-23 21:21:24,407 - [21:20] CAO THANH: Hello
2025-04-23 21:21:25,415 - [21:20] CAO THANH: Hello
2025-04-23 21:21:26,419 - [21:20] CAO THANH: Hello
2025-04-23 21:21:27,423 - [21:20] CAO THANH: Hello
2025-04-23 21:21:28,427 - [21:20] CAO THANH: Hello
2025-04-23 21:21:29,431 - [21:20] CAO THANH: Hello
2025-04-23 21:21:30,435 - [21:20] CAO THANH: Hello
2025-04-23 21:21:31,438 - [21:20] CAO THANH: Hello
2025-04-23 21:21:32,444 - [21:20] CAO THANH: Hello
2025-04-23 21:21:33,447 - [21:20] CAO THANH: Hello
2025-04-23 21:21:34,453 - [21:20] CAO THANH: Hello
2025-04-23 21:21:35,456 - [21:20] CAO THANH: Hello
2025-04-23 21:21:36,460 - [21:20] CAO THANH: Hello
2025-04-23 21:21:37,464 - [21:20] CAO THANH: Hello
2025-04-23 21:21:38,468 - [21:20] CAO THANH: Hello
2025-04-23 21:21:39,471 - [21:20] CAO THANH: Hello
2025-04-23 21:21:40,475 - [21:20] CAO THANH: Hello
2025-04-23 21:21:41,481 - [21:20] CAO THANH: Hello
2025-04-23 21:21:42,484 - [21:20] CAO THANH: Hello
2025-04-23 21:21:43,488 - [21:20] CAO THANH: Hello
2025-04-23 21:21:44,492 - [21:20] CAO THANH: Hello
2025-04-23 21:21:45,496 - [21:20] CAO THANH: Hello
2025-04-23 21:21:46,500 - [21:20] CAO THANH: Hello
2025-04-23 21:21:47,505 - [21:20] CAO THANH: Hello
2025-04-23 21:21:48,509 - [21:20] CAO THANH: Hello
2025-04-23 21:21:49,513 - [21:20] CAO THANH: Hello
2025-04-23 21:21:50,517 - [21:20] CAO THANH: Hello
2025-04-23 21:21:51,521 - [21:20] CAO THANH: Hello
2025-04-23 21:21:52,525 - [21:20] CAO THANH: Hello
2025-04-23 21:21:53,528 - [21:20] CAO THANH: Hello
2025-04-23 21:21:54,532 - [21:20] CAO THANH: Hello
2025-04-23 21:21:55,536 - [21:20] CAO THANH: Hello
2025-04-23 21:21:56,540 - [21:20] CAO THANH: Hello
2025-04-23 21:21:57,544 - [21:20] CAO THANH: Hello
2025-04-23 21:21:58,551 - [21:20] CAO THANH: Hello
2025-04-23 21:21:59,554 - [21:20] CAO THANH: Hello
2025-04-23 21:22:00,557 - [21:20] CAO THANH: Hello
2025-04-23 21:22:01,560 - [21:20] CAO THANH: Hello
2025-04-23 21:22:02,563 - [21:20] CAO THANH: Hello
2025-04-23 21:22:03,566 - [21:20] CAO THANH: Hello
2025-04-23 21:22:04,570 - [21:20] CAO THANH: Hello
2025-04-23 21:22:05,575 - [21:20] CAO THANH: Hello
2025-04-23 21:22:06,579 - [21:20] CAO THANH: Hello
2025-04-23 21:22:07,584 - [21:20] CAO THANH: Hello
2025-04-23 21:22:08,588 - [21:20] CAO THANH: Hello
2025-04-23 21:22:09,592 - [21:20] CAO THANH: Hello
2025-04-23 21:22:10,596 - [21:20] CAO THANH: Hello
2025-04-23 21:22:11,599 - [21:20] CAO THANH: Hello
2025-04-23 21:22:12,602 - [21:20] CAO THANH: Hello
2025-04-23 21:22:13,606 - [21:20] CAO THANH: Hello
2025-04-23 21:22:14,610 - [21:20] CAO THANH: Hello
2025-04-23 21:22:15,614 - [21:20] CAO THANH: Hello
2025-04-23 21:22:16,618 - [21:20] CAO THANH: Hello
2025-04-23 21:22:17,621 - [21:20] CAO THANH: Hello
2025-04-23 21:22:18,625 - [21:20] CAO THANH: Hello
2025-04-23 21:22:19,629 - [21:20] CAO THANH: Hello
2025-04-23 21:22:20,633 - [21:20] CAO THANH: Hello
2025-04-23 21:22:21,636 - [21:20] CAO THANH: Hello
2025-04-23 21:22:22,640 - [21:20] CAO THANH: Hello
2025-04-23 21:22:23,644 - [21:20] CAO THANH: Hello
2025-04-23 21:22:24,647 - [21:20] CAO THANH: Hello
2025-04-23 21:22:25,651 - [21:20] CAO THANH: Hello
2025-04-23 21:22:26,655 - [21:20] CAO THANH: Hello
2025-04-23 21:22:27,659 - [21:20] CAO THANH: Hello
2025-04-23 21:22:28,663 - [21:20] CAO THANH: Hello
2025-04-23 21:22:29,666 - [21:20] CAO THANH: Hello
2025-04-23 21:22:30,670 - [21:20] CAO THANH: Hello
2025-04-23 21:22:31,675 - [21:20] CAO THANH: Hello
2025-04-23 21:22:32,678 - [21:20] CAO THANH: Hello
2025-04-23 21:22:33,682 - [21:20] CAO THANH: Hello
2025-04-23 21:22:34,686 - [21:20] CAO THANH: Hello
2025-04-23 21:22:35,690 - [21:20] CAO THANH: Hello
2025-04-23 21:22:36,695 - [21:20] CAO THANH: Hello
2025-04-23 21:22:37,699 - [21:20] CAO THANH: Hello
2025-04-23 21:22:38,703 - [21:20] CAO THANH: Hello
2025-04-23 21:22:39,708 - [21:20] CAO THANH: Hello
2025-04-23 21:22:40,712 - [21:20] CAO THANH: Hello
2025-04-23 21:22:41,716 - [21:20] CAO THANH: Hello
2025-04-23 21:22:42,720 - [21:20] CAO THANH: Hello
2025-04-23 21:22:43,725 - [21:20] CAO THANH: Hello
2025-04-23 21:22:44,729 - [21:20] CAO THANH: Hello
2025-04-23 21:22:45,733 - [21:20] CAO THANH: Hello
2025-04-23 21:22:46,737 - [21:20] CAO THANH: Hello
2025-04-23 21:22:47,742 - [21:20] CAO THANH: Hello
2025-04-23 21:22:48,746 - [21:20] CAO THANH: Hello
2025-04-23 21:22:49,751 - [21:20] CAO THANH: Hello
2025-04-23 21:22:50,755 - [21:20] CAO THANH: Hello
2025-04-23 21:22:51,759 - [21:20] CAO THANH: Hello
2025-04-23 21:22:52,765 - [21:20] CAO THANH: Hello
2025-04-23 21:22:53,769 - [21:20] CAO THANH: Hello
2025-04-23 21:22:54,773 - [21:20] CAO THANH: Hello
2025-04-23 21:22:55,776 - [21:20] CAO THANH: Hello
2025-04-23 21:22:56,779 - [21:20] CAO THANH: Hello
2025-04-23 21:22:57,783 - [21:20] CAO THANH: Hello
2025-04-23 21:22:58,786 - [21:20] CAO THANH: Hello
2025-04-23 21:22:59,790 - [21:20] CAO THANH: Hello
2025-04-23 21:29:00,168 - [21:20] CAO THANH: Hello
2025-04-23 21:29:01,172 - [21:20] CAO THANH: Hello
2025-04-23 21:29:02,176 - [21:20] CAO THANH: Hello
2025-04-23 21:29:03,180 - [21:20] CAO THANH: Hello
2025-04-23 21:29:04,189 - [21:20] CAO THANH: Hello
2025-04-23 21:29:05,192 - [21:20] CAO THANH: Hello
2025-04-23 21:29:06,196 - [21:20] CAO THANH: Hello
2025-04-23 21:29:07,201 - [21:20] CAO THANH: Hello
2025-04-23 21:29:08,205 - [21:20] CAO THANH: Hello
2025-04-23 21:29:09,209 - [21:20] CAO THANH: Hello
2025-04-23 21:29:10,213 - [21:20] CAO THANH: Hello
2025-04-23 21:29:11,217 - [21:20] CAO THANH: Hello
2025-04-23 21:29:12,221 - [21:20] CAO THANH: Hello
2025-04-23 21:29:13,225 - [21:20] CAO THANH: Hello
2025-04-23 21:29:14,229 - [21:20] CAO THANH: Hello
2025-04-23 21:29:15,233 - [21:20] CAO THANH: Hello
2025-04-23 21:29:16,237 - [21:20] CAO THANH: Hello
2025-04-23 21:29:17,241 - [21:20] CAO THANH: Hello
2025-04-23 21:29:18,244 - [21:20] CAO THANH: Hello
2025-04-23 21:29:19,248 - [21:20] CAO THANH: Hello
2025-04-23 21:29:20,251 - [21:20] CAO THANH: Hello
2025-04-23 21:29:21,255 - [21:20] CAO THANH: Hello
2025-04-23 21:29:22,258 - [21:20] CAO THANH: Hello
2025-04-23 21:29:23,262 - [21:20] CAO THANH: Hello
2025-04-23 21:29:24,266 - [21:20] CAO THANH: Hello
2025-04-23 21:29:25,270 - [21:20] CAO THANH: Hello
2025-04-23 21:29:26,275 - [21:20] CAO THANH: Hello
2025-04-23 21:29:27,286 - [21:20] CAO THANH: Hello
2025-04-23 21:29:28,290 - [21:20] CAO THANH: Hello
2025-04-23 21:29:29,295 - [21:20] CAO THANH: Hello
2025-04-23 21:29:30,299 - [21:20] CAO THANH: Hello
2025-04-23 21:29:31,304 - [21:20] CAO THANH: Hello
2025-04-23 21:29:32,307 - [21:20] CAO THANH: Hello
2025-04-23 21:29:33,312 - [21:20] CAO THANH: Hello
2025-04-23 21:29:34,315 - [21:20] CAO THANH: Hello
2025-04-23 21:29:35,319 - [21:20] CAO THANH: Hello
2025-04-23 21:29:36,324 - [21:20] CAO THANH: Hello
2025-04-23 21:29:37,328 - [21:20] CAO THANH: Hello
2025-04-23 21:29:38,332 - [21:20] CAO THANH: Hello
2025-04-23 21:29:39,336 - [21:20] CAO THANH: Hello
2025-04-23 21:29:40,340 - [21:20] CAO THANH: Hello
2025-04-23 21:29:41,345 - [21:20] CAO THANH: Hello
2025-04-23 21:29:42,349 - [21:20] CAO THANH: Hello
2025-04-23 21:29:43,357 - [21:20] CAO THANH: Hello
2025-04-23 21:29:44,066 - CAO THANH TIEN: Hello
2025-04-23 21:29:44,367 - [21:20] CAO THANH: Hello
2025-04-23 21:29:44,372 - [21:29] CAO THANH TIEN: Hello
2025-04-23 21:29:45,377 - [21:20] CAO THANH: Hello
2025-04-23 21:29:45,383 - [21:29] CAO THANH TIEN: Hello
2025-04-23 21:29:46,386 - [21:20] CAO THANH: Hello
2025-04-23 21:29:46,392 - [21:29] CAO THANH TIEN: Hello
2025-04-23 21:29:47,395 - [21:20] CAO THANH: Hello
2025-04-23 21:29:47,400 - [21:29] CAO THANH TIEN: Hello
2025-04-23 21:29:48,404 - [21:20] CAO THANH: Hello
2025-04-23 21:29:48,415 - [21:29] CAO THANH TIEN: Hello
2025-04-23 21:29:49,419 - [21:20] CAO THANH: Hello
2025-04-23 21:29:49,427 - [21:29] CAO THANH TIEN: Hello
2025-04-23 21:29:50,431 - [21:20] CAO THANH: Hello
2025-04-23 21:29:50,436 - [21:29] CAO THANH TIEN: Hello
2025-04-23 21:29:51,441 - [21:20] CAO THANH: Hello
2025-04-23 21:29:51,445 - [21:29] CAO THANH TIEN: Hello
2025-04-23 21:29:52,449 - [21:20] CAO THANH: Hello
2025-04-23 21:29:52,456 - [21:29] CAO THANH TIEN: Hello
2025-04-23 21:29:53,459 - [21:20] CAO THANH: Hello
2025-04-23 21:29:53,465 - [21:29] CAO THANH TIEN: Hello
2025-04-23 21:29:54,470 - [21:20] CAO THANH: Hello
2025-04-23 21:29:54,474 - [21:29] CAO THANH TIEN: Hello
2025-04-23 21:29:55,478 - [21:20] CAO THANH: Hello
2025-04-23 21:29:55,484 - [21:29] CAO THANH TIEN: Hello
2025-04-23 21:29:56,488 - [21:20] CAO THANH: Hello
2025-04-23 21:29:56,493 - [21:29] CAO THANH TIEN: Hello
2025-04-23 21:29:57,497 - [21:20] CAO THANH: Hello
2025-04-23 21:29:57,506 - [21:29] CAO THANH TIEN: Hello
2025-04-23 21:29:58,509 - [21:20] CAO THANH: Hello
2025-04-23 21:29:58,516 - [21:29] CAO THANH TIEN: Hello
2025-04-23 21:29:59,520 - [21:20] CAO THANH: Hello
2025-04-23 21:29:59,526 - [21:29] CAO THANH TIEN: Hello
2025-04-23 21:30:00,530 - [21:20] CAO THANH: Hello
2025-04-23 21:30:00,536 - [21:29] CAO THANH TIEN: Hello
2025-04-23 21:30:01,540 - [21:20] CAO THANH: Hello
2025-04-23 21:30:01,546 - [21:29] CAO THANH TIEN: Hello
2025-04-23 21:30:02,550 - [21:20] CAO THANH: Hello
2025-04-23 21:30:02,554 - [21:29] CAO THANH TIEN: Hello
2025-04-23 21:30:03,558 - [21:20] CAO THANH: Hello
2025-04-23 21:30:03,564 - [21:29] CAO THANH TIEN: Hello
2025-04-23 21:30:04,568 - [21:20] CAO THANH: Hello
2025-04-23 21:30:04,573 - [21:29] CAO THANH TIEN: Hello
2025-04-23 21:30:05,576 - [21:20] CAO THANH: Hello
2025-04-23 21:30:05,580 - [21:29] CAO THANH TIEN: Hello
2025-04-23 21:30:06,583 - [21:20] CAO THANH: Hello
2025-04-23 21:30:06,588 - [21:29] CAO THANH TIEN: Hello
2025-04-23 21:30:07,591 - [21:20] CAO THANH: Hello
2025-04-23 21:30:07,597 - [21:29] CAO THANH TIEN: Hello
2025-04-23 21:30:08,601 - [21:20] CAO THANH: Hello
2025-04-23 21:30:08,608 - [21:29] CAO THANH TIEN: Hello
2025-04-23 21:30:09,611 - [21:20] CAO THANH: Hello
2025-04-23 21:30:09,618 - [21:29] CAO THANH TIEN: Hello
2025-04-23 21:30:10,621 - [21:20] CAO THANH: Hello
2025-04-23 21:30:10,628 - [21:29] CAO THANH TIEN: Hello
2025-04-23 21:30:11,630 - [21:20] CAO THANH: Hello
2025-04-23 21:30:11,637 - [21:29] CAO THANH TIEN: Hello
2025-04-23 21:30:12,641 - [21:20] CAO THANH: Hello
2025-04-23 21:30:12,647 - [21:29] CAO THANH TIEN: Hello
2025-04-23 21:30:13,651 - [21:20] CAO THANH: Hello
2025-04-23 21:30:13,658 - [21:29] CAO THANH TIEN: Hello
2025-04-23 21:30:14,661 - [21:20] CAO THANH: Hello
2025-04-23 21:30:14,667 - [21:29] CAO THANH TIEN: Hello
2025-04-23 21:30:15,672 - [21:20] CAO THANH: Hello
2025-04-23 21:30:15,677 - [21:29] CAO THANH TIEN: Hello
2025-04-23 21:30:16,683 - [21:20] CAO THANH: Hello
2025-04-23 21:30:16,690 - [21:29] CAO THANH TIEN: Hello
2025-04-23 21:30:17,694 - [21:20] CAO THANH: Hello
2025-04-23 21:30:17,700 - [21:29] CAO THANH TIEN: Hello
2025-04-23 21:30:18,703 - [21:20] CAO THANH: Hello
2025-04-23 21:30:18,710 - [21:29] CAO THANH TIEN: Hello
2025-04-23 21:30:19,714 - [21:20] CAO THANH: Hello
2025-04-23 21:30:19,720 - [21:29] CAO THANH TIEN: Hello
2025-04-23 21:30:20,723 - [21:20] CAO THANH: Hello
2025-04-23 21:30:20,730 - [21:29] CAO THANH TIEN: Hello
2025-04-23 21:30:21,734 - [21:20] CAO THANH: Hello
2025-04-23 21:30:21,740 - [21:29] CAO THANH TIEN: Hello
2025-04-23 21:30:22,743 - [21:20] CAO THANH: Hello
2025-04-23 21:30:22,750 - [21:29] CAO THANH TIEN: Hello
2025-04-23 21:30:23,753 - [21:20] CAO THANH: Hello
2025-04-23 21:30:23,759 - [21:29] CAO THANH TIEN: Hello
2025-04-23 21:30:24,763 - [21:20] CAO THANH: Hello
2025-04-23 21:30:24,769 - [21:29] CAO THANH TIEN: Hello
2025-04-23 21:30:25,773 - [21:20] CAO THANH: Hello
2025-04-23 21:30:25,779 - [21:29] CAO THANH TIEN: Hello
2025-04-23 21:30:26,782 - [21:20] CAO THANH: Hello
2025-04-23 21:30:26,790 - [21:29] CAO THANH TIEN: Hello
2025-04-23 21:30:27,793 - [21:20] CAO THANH: Hello
2025-04-23 21:30:27,798 - [21:29] CAO THANH TIEN: Hello
2025-04-23 21:30:28,801 - [21:20] CAO THANH: Hello
2025-04-23 21:30:28,808 - [21:29] CAO THANH TIEN: Hello
2025-04-23 21:30:29,812 - [21:20] CAO THANH: Hello
2025-04-23 21:30:29,818 - [21:29] CAO THANH TIEN: Hello
2025-04-23 21:30:30,821 - [21:20] CAO THANH: Hello
2025-04-23 21:30:30,828 - [21:29] CAO THANH TIEN: Hello
2025-04-23 21:30:31,832 - [21:20] CAO THANH: Hello
2025-04-23 21:30:31,838 - [21:29] CAO THANH TIEN: Hello
2025-04-23 21:30:32,841 - [21:20] CAO THANH: Hello
2025-04-23 21:30:32,849 - [21:29] CAO THANH TIEN: Hello
2025-04-23 21:30:33,852 - [21:20] CAO THANH: Hello
2025-04-23 21:30:33,859 - [21:29] CAO THANH TIEN: Hello
2025-04-23 21:30:34,862 - [21:20] CAO THANH: Hello
2025-04-23 21:30:34,869 - [21:29] CAO THANH TIEN: Hello
2025-04-23 21:30:35,873 - [21:20] CAO THANH: Hello
2025-04-23 21:30:35,880 - [21:29] CAO THANH TIEN: Hello
2025-04-23 21:30:36,883 - [21:20] CAO THANH: Hello
2025-04-23 21:30:36,890 - [21:29] CAO THANH TIEN: Hello
2025-04-23 21:30:37,894 - [21:20] CAO THANH: Hello
2025-04-23 21:30:37,901 - [21:29] CAO THANH TIEN: Hello
2025-04-23 21:30:38,904 - [21:20] CAO THANH: Hello
2025-04-23 21:30:38,911 - [21:29] CAO THANH TIEN: Hello
2025-04-23 21:30:39,914 - [21:20] CAO THANH: Hello
2025-04-23 21:30:39,921 - [21:29] CAO THANH TIEN: Hello
2025-04-23 21:30:40,925 - [21:20] CAO THANH: Hello
2025-04-23 21:30:40,931 - [21:29] CAO THANH TIEN: Hello
2025-04-23 21:30:41,935 - [21:20] CAO THANH: Hello
2025-04-23 21:30:41,942 - [21:29] CAO THANH TIEN: Hello
2025-04-23 21:30:42,945 - [21:20] CAO THANH: Hello
2025-04-23 21:30:42,952 - [21:29] CAO THANH TIEN: Hello
2025-04-23 21:30:43,955 - [21:20] CAO THANH: Hello
2025-04-23 21:30:43,962 - [21:29] CAO THANH TIEN: Hello
2025-04-23 21:30:44,965 - [21:20] CAO THANH: Hello
2025-04-23 21:30:44,973 - [21:29] CAO THANH TIEN: Hello
2025-04-23 21:30:45,976 - [21:20] CAO THANH: Hello
2025-04-23 21:30:45,983 - [21:29] CAO THANH TIEN: Hello
2025-04-23 21:30:46,986 - [21:20] CAO THANH: Hello
2025-04-23 21:30:46,993 - [21:29] CAO THANH TIEN: Hello
2025-04-23 21:30:47,996 - [21:20] CAO THANH: Hello
2025-04-23 21:30:48,003 - [21:29] CAO THANH TIEN: Hello
2025-04-23 21:30:49,006 - [21:20] CAO THANH: Hello
2025-04-23 21:30:49,013 - [21:29] CAO THANH TIEN: Hello
2025-04-23 21:30:50,016 - [21:20] CAO THANH: Hello
2025-04-23 21:30:50,023 - [21:29] CAO THANH TIEN: Hello
2025-04-23 21:30:51,026 - [21:20] CAO THANH: Hello
2025-04-23 21:30:51,033 - [21:29] CAO THANH TIEN: Hello
2025-04-23 21:30:52,036 - [21:20] CAO THANH: Hello
2025-04-23 21:30:52,043 - [21:29] CAO THANH TIEN: Hello
2025-04-23 21:30:53,046 - [21:20] CAO THANH: Hello
2025-04-23 21:30:53,053 - [21:29] CAO THANH TIEN: Hello
2025-04-23 21:30:54,056 - [21:20] CAO THANH: Hello
2025-04-23 21:30:54,063 - [21:29] CAO THANH TIEN: Hello
2025-04-23 21:30:55,067 - [21:20] CAO THANH: Hello
2025-04-23 21:30:55,073 - [21:29] CAO THANH TIEN: Hello
2025-04-23 21:30:56,076 - [21:20] CAO THANH: Hello
2025-04-23 21:30:56,084 - [21:29] CAO THANH TIEN: Hello
2025-04-23 21:30:57,087 - [21:20] CAO THANH: Hello
2025-04-23 21:30:57,094 - [21:29] CAO THANH TIEN: Hello
2025-04-23 21:30:58,097 - [21:20] CAO THANH: Hello
2025-04-23 21:30:58,104 - [21:29] CAO THANH TIEN: Hello
2025-04-23 21:30:59,108 - [21:20] CAO THANH: Hello
2025-04-23 21:30:59,114 - [21:29] CAO THANH TIEN: Hello
2025-04-23 21:31:00,117 - [21:20] CAO THANH: Hello
2025-04-23 21:31:00,124 - [21:29] CAO THANH TIEN: Hello
2025-04-23 21:31:01,127 - [21:20] CAO THANH: Hello
2025-04-23 21:31:01,133 - [21:29] CAO THANH TIEN: Hello
2025-04-23 21:31:02,137 - [21:20] CAO THANH: Hello
2025-04-23 21:31:02,142 - [21:29] CAO THANH TIEN: Hello
2025-04-23 21:31:03,145 - [21:20] CAO THANH: Hello
2025-04-23 21:31:03,151 - [21:29] CAO THANH TIEN: Hello
2025-04-23 21:31:04,155 - [21:20] CAO THANH: Hello
2025-04-23 21:31:04,161 - [21:29] CAO THANH TIEN: Hello
2025-04-23 21:31:05,164 - [21:20] CAO THANH: Hello
2025-04-23 21:31:05,171 - [21:29] CAO THANH TIEN: Hello
2025-04-23 21:31:06,175 - [21:20] CAO THANH: Hello
2025-04-23 21:31:06,181 - [21:29] CAO THANH TIEN: Hello
2025-04-23 21:31:07,187 - [21:20] CAO THANH: Hello
2025-04-23 21:31:07,193 - [21:29] CAO THANH TIEN: Hello
2025-04-23 21:31:08,196 - [21:20] CAO THANH: Hello
2025-04-23 21:31:08,202 - [21:29] CAO THANH TIEN: Hello
2025-04-23 21:31:09,206 - [21:20] CAO THANH: Hello
2025-04-23 21:31:09,212 - [21:29] CAO THANH TIEN: Hello
2025-04-23 21:31:10,216 - [21:20] CAO THANH: Hello
2025-04-23 21:31:10,222 - [21:29] CAO THANH TIEN: Hello
2025-04-23 21:31:11,225 - [21:20] CAO THANH: Hello
2025-04-23 21:31:11,232 - [21:29] CAO THANH TIEN: Hello
2025-04-23 21:31:12,237 - [21:20] CAO THANH: Hello
2025-04-23 21:31:12,243 - [21:29] CAO THANH TIEN: Hello
2025-04-23 21:31:13,247 - [21:20] CAO THANH: Hello
2025-04-23 21:31:13,252 - [21:29] CAO THANH TIEN: Hello
2025-04-23 21:31:14,255 - [21:20] CAO THANH: Hello
2025-04-23 21:31:14,261 - [21:29] CAO THANH TIEN: Hello
2025-04-23 21:31:15,264 - [21:20] CAO THANH: Hello
2025-04-23 21:31:15,270 - [21:29] CAO THANH TIEN: Hello
2025-04-23 21:31:16,274 - [21:20] CAO THANH: Hello
2025-04-23 21:31:16,281 - [21:29] CAO THANH TIEN: Hello
2025-04-23 21:31:17,285 - [21:20] CAO THANH: Hello
2025-04-23 21:31:17,291 - [21:29] CAO THANH TIEN: Hello
2025-04-23 21:31:18,294 - [21:20] CAO THANH: Hello
2025-04-23 21:31:18,300 - [21:29] CAO THANH TIEN: Hello
2025-04-23 21:31:19,303 - [21:20] CAO THANH: Hello
2025-04-23 21:31:19,310 - [21:29] CAO THANH TIEN: Hello
2025-04-23 21:31:20,313 - [21:20] CAO THANH: Hello
2025-04-23 21:31:20,322 - [21:29] CAO THANH TIEN: Hello
2025-04-23 21:31:21,327 - [21:20] CAO THANH: Hello
2025-04-23 21:31:21,332 - [21:29] CAO THANH TIEN: Hello
2025-04-23 21:31:22,335 - [21:20] CAO THANH: Hello
2025-04-23 21:31:22,341 - [21:29] CAO THANH TIEN: Hello
2025-04-23 21:31:23,344 - [21:20] CAO THANH: Hello
2025-04-23 21:31:23,351 - [21:29] CAO THANH TIEN: Hello
2025-04-23 21:31:24,354 - [21:20] CAO THANH: Hello
2025-04-23 21:31:24,360 - [21:29] CAO THANH TIEN: Hello
2025-04-23 21:31:25,363 - [21:20] CAO THANH: Hello
2025-04-23 21:31:25,371 - [21:29] CAO THANH TIEN: Hello
2025-04-23 21:31:26,374 - [21:20] CAO THANH: Hello
2025-04-23 21:31:26,380 - [21:29] CAO THANH TIEN: Hello
2025-04-23 21:31:27,384 - [21:20] CAO THANH: Hello
2025-04-23 21:31:27,390 - [21:29] CAO THANH TIEN: Hello
2025-04-23 21:31:28,393 - [21:20] CAO THANH: Hello
2025-04-23 21:31:28,402 - [21:29] CAO THANH TIEN: Hello
2025-04-23 21:31:29,405 - [21:20] CAO THANH: Hello
2025-04-23 21:31:29,413 - [21:29] CAO THANH TIEN: Hello
2025-04-23 21:31:30,416 - [21:20] CAO THANH: Hello
2025-04-23 21:31:30,422 - [21:29] CAO THANH TIEN: Hello
2025-04-23 21:31:31,425 - [21:20] CAO THANH: Hello
2025-04-23 21:31:31,432 - [21:29] CAO THANH TIEN: Hello
2025-04-23 21:31:32,435 - [21:20] CAO THANH: Hello
2025-04-23 21:31:32,441 - [21:29] CAO THANH TIEN: Hello
2025-04-23 21:31:33,445 - [21:20] CAO THANH: Hello
2025-04-23 21:31:33,451 - [21:29] CAO THANH TIEN: Hello
2025-04-23 21:31:34,455 - [21:20] CAO THANH: Hello
2025-04-23 21:31:34,461 - [21:29] CAO THANH TIEN: Hello
2025-04-23 21:31:35,465 - [21:20] CAO THANH: Hello
2025-04-23 21:31:35,472 - [21:29] CAO THANH TIEN: Hello
2025-04-23 21:31:36,476 - [21:20] CAO THANH: Hello
2025-04-23 21:31:36,483 - [21:29] CAO THANH TIEN: Hello
2025-04-23 21:31:37,486 - [21:20] CAO THANH: Hello
2025-04-23 21:31:37,493 - [21:29] CAO THANH TIEN: Hello
2025-04-23 21:31:38,495 - [21:20] CAO THANH: Hello
2025-04-23 21:31:38,501 - [21:29] CAO THANH TIEN: Hello
2025-04-23 21:32:17,853 - HELLO: Cho mi ngi
2025-04-23 21:32:18,698 - [21:32] HELLO: Cho mi ngi
2025-04-23 21:32:19,701 - [21:32] HELLO: Cho mi ngi
2025-04-23 21:32:20,704 - [21:32] HELLO: Cho mi ngi
2025-04-23 21:32:21,708 - [21:32] HELLO: Cho mi ngi
2025-04-23 21:32:22,712 - [21:32] HELLO: Cho mi ngi
2025-04-23 21:32:23,716 - [21:32] HELLO: Cho mi ngi
2025-04-23 21:32:24,720 - [21:32] HELLO: Cho mi ngi
2025-04-23 21:32:25,724 - [21:32] HELLO: Cho mi ngi
2025-04-23 21:32:26,729 - [21:32] HELLO: Cho mi ngi
2025-04-23 21:32:27,733 - [21:32] HELLO: Cho mi ngi
2025-04-23 21:32:28,736 - [21:32] HELLO: Cho mi ngi
2025-04-23 21:32:29,741 - [21:32] HELLO: Cho mi ngi
2025-04-23 21:32:30,744 - [21:32] HELLO: Cho mi ngi
2025-04-23 21:32:31,747 - [21:32] HELLO: Cho mi ngi
2025-04-23 21:32:32,752 - [21:32] HELLO: Cho mi ngi
2025-04-23 21:32:33,755 - [21:32] HELLO: Cho mi ngi
2025-04-23 21:32:34,758 - [21:32] HELLO: Cho mi ngi
2025-04-23 21:32:35,762 - [21:32] HELLO: Cho mi ngi
2025-04-23 21:32:36,767 - [21:32] HELLO: Cho mi ngi
2025-04-23 21:32:37,771 - [21:32] HELLO: Cho mi ngi
2025-04-23 21:32:38,776 - [21:32] HELLO: Cho mi ngi
2025-04-23 21:32:39,779 - [21:32] HELLO: Cho mi ngi
2025-04-23 21:32:40,784 - [21:32] HELLO: Cho mi ngi
2025-04-23 21:32:41,789 - [21:32] HELLO: Cho mi ngi
2025-04-23 21:32:42,793 - [21:32] HELLO: Cho mi ngi
2025-04-23 21:32:43,798 - [21:32] HELLO: Cho mi ngi
2025-04-23 21:32:44,800 - [21:32] HELLO: Cho mi ngi
2025-04-23 21:32:45,804 - [21:32] HELLO: Cho mi ngi
2025-04-23 21:32:46,807 - [21:32] HELLO: Cho mi ngi
2025-04-23 21:32:47,811 - [21:32] HELLO: Cho mi ngi
2025-04-23 21:32:48,813 - [21:32] HELLO: Cho mi ngi
2025-04-23 21:32:49,816 - [21:32] HELLO: Cho mi ngi
2025-04-23 21:32:50,821 - [21:32] HELLO: Cho mi ngi
2025-04-23 21:32:51,824 - [21:32] HELLO: Cho mi ngi
2025-04-23 21:32:52,189 - [21:32] HELLO: Cho mi ngi
2025-04-23 21:32:52,827 - [21:32] HELLO: Cho mi ngi
2025-04-23 21:32:53,346 - [21:32] HELLO: Cho mi ngi
2025-04-23 21:32:53,830 - [21:32] HELLO: Cho mi ngi
2025-04-23 21:32:54,352 - [21:32] HELLO: Cho mi ngi
2025-04-23 21:32:54,833 - [21:32] HELLO: Cho mi ngi
2025-04-23 21:32:55,390 - [21:32] HELLO: Cho mi ngi
2025-04-23 21:32:55,837 - [21:32] HELLO: Cho mi ngi
2025-04-23 21:32:56,394 - [21:32] HELLO: Cho mi ngi
2025-04-23 21:32:56,840 - [21:32] HELLO: Cho mi ngi
2025-04-23 21:32:57,399 - [21:32] HELLO: Cho mi ngi
2025-04-23 21:32:57,844 - [21:32] HELLO: Cho mi ngi
2025-04-23 21:32:58,403 - [21:32] HELLO: Cho mi ngi
2025-04-23 21:32:58,852 - [21:32] HELLO: Cho mi ngi
2025-04-23 21:32:59,407 - [21:32] HELLO: Cho mi ngi
2025-04-23 21:32:59,858 - [21:32] HELLO: Cho mi ngi
2025-04-23 21:33:00,411 - [21:32] HELLO: Cho mi ngi
2025-04-23 21:33:00,861 - [21:32] HELLO: Cho mi ngi
2025-04-23 21:33:01,416 - [21:32] HELLO: Cho mi ngi
2025-04-23 21:33:01,865 - [21:32] HELLO: Cho mi ngi
2025-04-23 21:33:02,420 - [21:32] HELLO: Cho mi ngi
2025-04-23 21:33:02,869 - [21:32] HELLO: Cho mi ngi
2025-04-23 21:33:03,425 - [21:32] HELLO: Cho mi ngi
2025-04-23 21:33:03,873 - [21:32] HELLO: Cho mi ngi
2025-04-23 21:33:04,429 - [21:32] HELLO: Cho mi ngi
2025-04-23 21:33:04,877 - [21:32] HELLO: Cho mi ngi
2025-04-23 21:33:05,432 - [21:32] HELLO: Cho mi ngi
2025-04-23 21:33:05,881 - [21:32] HELLO: Cho mi ngi
2025-04-23 21:33:06,436 - [21:32] HELLO: Cho mi ngi
2025-04-23 21:33:06,885 - [21:32] HELLO: Cho mi ngi
2025-04-23 21:33:07,439 - [21:32] HELLO: Cho mi ngi
2025-04-23 21:33:07,888 - [21:32] HELLO: Cho mi ngi
2025-04-23 21:33:08,443 - [21:32] HELLO: Cho mi ngi
2025-04-23 21:33:08,892 - [21:32] HELLO: Cho mi ngi
2025-04-23 21:33:09,447 - [21:32] HELLO: Cho mi ngi
2025-04-23 21:33:09,895 - [21:32] HELLO: Cho mi ngi
2025-04-23 21:33:10,450 - [21:32] HELLO: Cho mi ngi
2025-04-23 21:33:10,899 - [21:32] HELLO: Cho mi ngi
2025-04-23 21:33:11,454 - [21:32] HELLO: Cho mi ngi
2025-04-23 21:33:11,902 - [21:32] HELLO: Cho mi ngi
2025-04-23 21:33:12,457 - [21:32] HELLO: Cho mi ngi
2025-04-23 21:33:12,906 - [21:32] HELLO: Cho mi ngi
2025-04-23 21:33:13,460 - [21:32] HELLO: Cho mi ngi
2025-04-23 21:33:13,909 - [21:32] HELLO: Cho mi ngi
2025-04-23 21:33:14,464 - [21:32] HELLO: Cho mi ngi
2025-04-23 21:33:14,913 - [21:32] HELLO: Cho mi ngi
2025-04-23 21:33:15,467 - [21:32] HELLO: Cho mi ngi
2025-04-23 21:33:15,917 - [21:32] HELLO: Cho mi ngi
2025-04-23 21:33:16,471 - [21:32] HELLO: Cho mi ngi
2025-04-23 21:33:16,921 - [21:32] HELLO: Cho mi ngi
2025-04-23 21:33:17,475 - [21:32] HELLO: Cho mi ngi
2025-04-23 21:33:17,924 - [21:32] HELLO: Cho mi ngi
2025-04-23 21:33:18,478 - [21:32] HELLO: Cho mi ngi
2025-04-23 21:33:18,928 - [21:32] HELLO: Cho mi ngi
2025-04-23 21:33:19,482 - [21:32] HELLO: Cho mi ngi
2025-04-23 21:33:19,933 - [21:32] HELLO: Cho mi ngi
2025-04-23 21:33:20,485 - [21:32] HELLO: Cho mi ngi
2025-04-23 21:33:20,936 - [21:32] HELLO: Cho mi ngi
2025-04-23 21:33:21,489 - [21:32] HELLO: Cho mi ngi
2025-04-23 21:33:21,939 - [21:32] HELLO: Cho mi ngi
2025-04-23 21:33:22,492 - [21:32] HELLO: Cho mi ngi
2025-04-23 21:33:22,942 - [21:32] HELLO: Cho mi ngi
2025-04-23 21:33:23,496 - [21:32] HELLO: Cho mi ngi
2025-04-23 21:33:23,946 - [21:32] HELLO: Cho mi ngi
2025-04-23 21:33:24,500 - [21:32] HELLO: Cho mi ngi
2025-04-23 21:33:24,949 - [21:32] HELLO: Cho mi ngi
2025-04-23 21:33:25,503 - [21:32] HELLO: Cho mi ngi
2025-04-23 21:33:25,953 - [21:32] HELLO: Cho mi ngi
2025-04-23 21:33:26,507 - [21:32] HELLO: Cho mi ngi
2025-04-23 21:33:26,957 - [21:32] HELLO: Cho mi ngi
2025-04-23 21:33:27,511 - [21:32] HELLO: Cho mi ngi
2025-04-23 21:33:27,959 - [21:32] HELLO: Cho mi ngi
2025-04-23 21:33:28,516 - [21:32] HELLO: Cho mi ngi
2025-04-23 21:33:28,962 - [21:32] HELLO: Cho mi ngi
2025-04-23 21:33:29,520 - [21:32] HELLO: Cho mi ngi
2025-04-23 21:33:29,968 - [21:32] HELLO: Cho mi ngi
2025-04-23 21:33:30,524 - [21:32] HELLO: Cho mi ngi
2025-04-23 21:33:30,972 - [21:32] HELLO: Cho mi ngi
2025-04-23 21:33:31,528 - [21:32] HELLO: Cho mi ngi
2025-04-23 21:33:31,976 - [21:32] HELLO: Cho mi ngi
2025-04-23 21:33:32,532 - [21:32] HELLO: Cho mi ngi
2025-04-23 21:33:32,980 - [21:32] HELLO: Cho mi ngi
2025-04-23 21:33:33,535 - [21:32] HELLO: Cho mi ngi
2025-04-23 21:33:33,984 - [21:32] HELLO: Cho mi ngi
2025-04-23 21:33:34,539 - [21:32] HELLO: Cho mi ngi
2025-04-23 21:33:34,988 - [21:32] HELLO: Cho mi ngi
2025-04-23 21:33:35,543 - [21:32] HELLO: Cho mi ngi
2025-04-23 21:33:35,992 - [21:32] HELLO: Cho mi ngi
2025-04-23 21:33:36,547 - [21:32] HELLO: Cho mi ngi
2025-04-23 21:33:36,997 - [21:32] HELLO: Cho mi ngi
2025-04-23 21:33:37,551 - [21:32] HELLO: Cho mi ngi
2025-04-23 21:33:38,000 - [21:32] HELLO: Cho mi ngi
2025-04-23 21:33:38,555 - [21:32] HELLO: Cho mi ngi
2025-04-23 21:33:39,005 - [21:32] HELLO: Cho mi ngi
2025-04-23 21:33:39,560 - [21:32] HELLO: Cho mi ngi
2025-04-23 21:33:40,010 - [21:32] HELLO: Cho mi ngi
2025-04-23 21:33:40,565 - [21:32] HELLO: Cho mi ngi
2025-04-23 21:33:41,014 - [21:32] HELLO: Cho mi ngi
2025-04-23 21:33:41,569 - [21:32] HELLO: Cho mi ngi
2025-04-23 21:33:42,018 - [21:32] HELLO: Cho mi ngi
2025-04-23 21:33:42,574 - [21:32] HELLO: Cho mi ngi
2025-04-23 21:33:43,023 - [21:32] HELLO: Cho mi ngi
2025-04-23 21:33:43,578 - [21:32] HELLO: Cho mi ngi
2025-04-23 21:33:44,027 - [21:32] HELLO: Cho mi ngi
2025-04-23 21:33:44,582 - [21:32] HELLO: Cho mi ngi
2025-04-23 21:33:45,031 - [21:32] HELLO: Cho mi ngi
2025-04-23 21:33:45,587 - [21:32] HELLO: Cho mi ngi
2025-04-23 21:33:46,036 - [21:32] HELLO: Cho mi ngi
2025-04-23 21:33:46,590 - [21:32] HELLO: Cho mi ngi
2025-04-23 21:33:47,040 - [21:32] HELLO: Cho mi ngi
2025-04-23 21:33:47,594 - [21:32] HELLO: Cho mi ngi
2025-04-23 21:33:48,044 - [21:32] HELLO: Cho mi ngi
2025-04-23 21:33:48,599 - [21:32] HELLO: Cho mi ngi
2025-04-23 21:33:49,049 - [21:32] HELLO: Cho mi ngi
2025-04-23 21:33:49,604 - [21:32] HELLO: Cho mi ngi
2025-04-23 21:33:50,053 - [21:32] HELLO: Cho mi ngi
2025-04-23 21:33:50,609 - [21:32] HELLO: Cho mi ngi
2025-04-23 21:33:51,057 - [21:32] HELLO: Cho mi ngi
2025-04-23 21:33:51,613 - [21:32] HELLO: Cho mi ngi
2025-04-23 21:33:52,060 - [21:32] HELLO: Cho mi ngi
2025-04-23 21:33:52,617 - [21:32] HELLO: Cho mi ngi
2025-04-23 21:33:53,066 - [21:32] HELLO: Cho mi ngi
2025-04-23 21:33:53,621 - [21:32] HELLO: Cho mi ngi
2025-04-23 21:33:54,071 - [21:32] HELLO: Cho mi ngi
2025-04-23 21:33:54,626 - [21:32] HELLO: Cho mi ngi
2025-04-23 21:33:55,075 - [21:32] HELLO: Cho mi ngi
2025-04-23 21:33:55,636 - [21:32] HELLO: Cho mi ngi
2025-04-23 21:33:56,079 - [21:32] HELLO: Cho mi ngi
2025-04-23 21:33:56,639 - [21:32] HELLO: Cho mi ngi
2025-04-23 21:33:57,084 - [21:32] HELLO: Cho mi ngi
2025-04-23 21:33:57,643 - [21:32] HELLO: Cho mi ngi
2025-04-23 21:33:58,088 - [21:32] HELLO: Cho mi ngi
2025-04-23 21:33:58,646 - [21:32] HELLO: Cho mi ngi
2025-04-23 21:33:59,095 - [21:32] HELLO: Cho mi ngi
2025-04-23 21:33:59,649 - [21:32] HELLO: Cho mi ngi
2025-04-23 21:34:00,102 - [21:32] HELLO: Cho mi ngi
2025-04-23 21:34:00,653 - [21:32] HELLO: Cho mi ngi
2025-04-23 21:34:01,105 - [21:32] HELLO: Cho mi ngi
2025-04-23 21:34:01,657 - [21:32] HELLO: Cho mi ngi
2025-04-23 21:34:02,109 - [21:32] HELLO: Cho mi ngi
2025-04-23 21:34:02,660 - [21:32] HELLO: Cho mi ngi
2025-04-23 21:34:03,112 - [21:32] HELLO: Cho mi ngi
2025-04-23 21:34:03,664 - [21:32] HELLO: Cho mi ngi
2025-04-23 21:34:04,116 - [21:32] HELLO: Cho mi ngi
2025-04-23 21:34:04,668 - [21:32] HELLO: Cho mi ngi
2025-04-23 21:34:05,120 - [21:32] HELLO: Cho mi ngi
2025-04-23 21:34:05,671 - [21:32] HELLO: Cho mi ngi
2025-04-23 21:34:06,124 - [21:32] HELLO: Cho mi ngi
2025-04-23 21:34:06,674 - [21:32] HELLO: Cho mi ngi
2025-04-23 21:34:07,128 - [21:32] HELLO: Cho mi ngi
2025-04-23 21:34:07,678 - [21:32] HELLO: Cho mi ngi
2025-04-23 21:34:08,681 - [21:32] HELLO: Cho mi ngi
2025-04-23 21:34:08,858 - [21:32] HELLO: Cho mi ngi
2025-04-23 21:34:09,686 - [21:32] HELLO: Cho mi ngi
2025-04-23 21:34:09,862 - [21:32] HELLO: Cho mi ngi
2025-04-23 21:34:10,690 - [21:32] HELLO: Cho mi ngi
2025-04-23 21:34:10,869 - [21:32] HELLO: Cho mi ngi
2025-04-23 21:34:11,693 - [21:32] HELLO: Cho mi ngi
2025-04-23 21:34:11,874 - [21:32] HELLO: Cho mi ngi
2025-04-23 21:34:12,698 - [21:32] HELLO: Cho mi ngi
2025-04-23 21:34:12,878 - [21:32] HELLO: Cho mi ngi
2025-04-23 21:34:13,702 - [21:32] HELLO: Cho mi ngi
2025-04-23 21:34:13,881 - [21:32] HELLO: Cho mi ngi
2025-04-23 21:34:14,708 - [21:32] HELLO: Cho mi ngi
2025-04-23 21:34:14,885 - [21:32] HELLO: Cho mi ngi
2025-04-23 21:34:15,712 - [21:32] HELLO: Cho mi ngi
2025-04-23 21:34:15,889 - [21:32] HELLO: Cho mi ngi
2025-04-23 21:34:16,715 - [21:32] HELLO: Cho mi ngi
2025-04-23 21:34:16,892 - [21:32] HELLO: Cho mi ngi
2025-04-23 21:34:17,719 - [21:32] HELLO: Cho mi ngi
2025-04-23 21:34:17,896 - [21:32] HELLO: Cho mi ngi
2025-04-23 21:34:18,723 - [21:32] HELLO: Cho mi ngi
2025-04-23 21:34:18,900 - [21:32] HELLO: Cho mi ngi
2025-04-23 21:34:19,727 - [21:32] HELLO: Cho mi ngi
2025-04-23 21:34:19,904 - [21:32] HELLO: Cho mi ngi
2025-04-23 21:34:20,731 - [21:32] HELLO: Cho mi ngi
2025-04-23 21:34:20,735 - TIEN: Mun g'
2025-04-23 21:34:20,908 - [21:32] HELLO: Cho mi ngi
2025-04-23 21:34:20,909 - [21:34] TIEN: Mun g'
2025-04-23 21:34:21,736 - [21:32] HELLO: Cho mi ngi
2025-04-23 21:34:21,737 - [21:34] TIEN: Mun g'
2025-04-23 21:34:21,913 - [21:32] HELLO: Cho mi ngi
2025-04-23 21:34:21,914 - [21:34] TIEN: Mun g'
2025-04-23 21:34:22,740 - [21:32] HELLO: Cho mi ngi
2025-04-23 21:34:22,741 - [21:34] TIEN: Mun g'
2025-04-23 21:34:22,918 - [21:32] HELLO: Cho mi ngi
2025-04-23 21:34:22,920 - [21:34] TIEN: Mun g'
2025-04-23 21:34:23,744 - [21:32] HELLO: Cho mi ngi
2025-04-23 21:34:23,745 - [21:34] TIEN: Mun g'
2025-04-23 21:34:23,923 - [21:32] HELLO: Cho mi ngi
2025-04-23 21:34:23,924 - [21:34] TIEN: Mun g'
2025-04-23 21:34:24,749 - [21:32] HELLO: Cho mi ngi
2025-04-23 21:34:24,750 - [21:34] TIEN: Mun g'
2025-04-23 21:34:24,927 - [21:32] HELLO: Cho mi ngi
2025-04-23 21:34:24,928 - [21:34] TIEN: Mun g'
2025-04-23 21:34:25,754 - [21:32] HELLO: Cho mi ngi
2025-04-23 21:34:25,754 - [21:34] TIEN: Mun g'
2025-04-23 21:34:25,932 - [21:32] HELLO: Cho mi ngi
2025-04-23 21:34:25,933 - [21:34] TIEN: Mun g'
2025-04-23 21:34:26,758 - [21:32] HELLO: Cho mi ngi
2025-04-23 21:34:26,759 - [21:34] TIEN: Mun g'
2025-04-23 21:34:26,937 - [21:32] HELLO: Cho mi ngi
2025-04-23 21:34:26,937 - [21:34] TIEN: Mun g'
2025-04-23 21:34:27,762 - [21:32] HELLO: Cho mi ngi
2025-04-23 21:34:27,764 - [21:34] TIEN: Mun g'
2025-04-23 21:34:27,941 - [21:32] HELLO: Cho mi ngi
2025-04-23 21:34:27,941 - [21:34] TIEN: Mun g'
2025-04-23 21:34:28,767 - [21:32] HELLO: Cho mi ngi
2025-04-23 21:34:28,768 - [21:34] TIEN: Mun g'
2025-04-23 21:34:28,948 - [21:32] HELLO: Cho mi ngi
2025-04-23 21:34:28,949 - [21:34] TIEN: Mun g'
2025-04-23 21:34:29,771 - [21:32] HELLO: Cho mi ngi
2025-04-23 21:34:29,773 - [21:34] TIEN: Mun g'
2025-04-23 21:34:30,779 - [21:32] HELLO: Cho mi ngi
2025-04-23 21:34:30,781 - [21:34] TIEN: Mun g'
2025-04-23 22:25:27,044 - [21:32] HELLO: Cho mi ngi
2025-04-23 22:25:27,049 - [21:34] TIEN: Mun g'
2025-04-23 22:25:28,053 - [21:32] HELLO: Cho mi ngi
2025-04-23 22:25:28,053 - [21:34] TIEN: Mun g'
2025-04-23 22:25:29,058 - [21:32] HELLO: Cho mi ngi
2025-04-23 22:25:29,060 - [21:34] TIEN: Mun g'
2025-04-23 22:25:30,064 - [21:32] HELLO: Cho mi ngi
2025-04-23 22:25:30,065 - [21:34] TIEN: Mun g'
2025-04-23 22:25:31,070 - [21:32] HELLO: Cho mi ngi
2025-04-23 22:25:31,071 - [21:34] TIEN: Mun g'
2025-04-23 22:25:32,075 - [21:32] HELLO: Cho mi ngi
2025-04-23 22:25:32,077 - [21:34] TIEN: Mun g'
2025-04-23 22:25:33,080 - [21:32] HELLO: Cho mi ngi
2025-04-23 22:25:33,081 - [21:34] TIEN: Mun g'
2025-04-23 22:25:34,085 - [21:32] HELLO: Cho mi ngi
2025-04-23 22:25:34,085 - [21:34] TIEN: Mun g'
2025-04-23 22:25:35,088 - [21:32] HELLO: Cho mi ngi
2025-04-23 22:25:35,089 - [21:34] TIEN: Mun g'
2025-04-23 22:25:36,093 - [21:32] HELLO: Cho mi ngi
2025-04-23 22:25:36,093 - [21:34] TIEN: Mun g'
2025-04-23 22:25:37,097 - [21:32] HELLO: Cho mi ngi
2025-04-23 22:25:37,098 - [21:34] TIEN: Mun g'
2025-04-23 22:25:38,102 - [21:32] HELLO: Cho mi ngi
2025-04-23 22:25:38,103 - [21:34] TIEN: Mun g'
2025-04-23 22:25:39,107 - [21:32] HELLO: Cho mi ngi
2025-04-23 22:25:39,108 - [21:34] TIEN: Mun g'
2025-04-23 22:25:40,112 - [21:32] HELLO: Cho mi ngi
2025-04-23 22:25:40,113 - [21:34] TIEN: Mun g'
2025-04-23 22:25:41,116 - [21:32] HELLO: Cho mi ngi
2025-04-23 22:25:41,117 - [21:34] TIEN: Mun g'
2025-04-23 22:25:42,121 - [21:32] HELLO: Cho mi ngi
2025-04-23 22:25:42,122 - [21:34] TIEN: Mun g'
2025-04-23 22:25:43,126 - [21:32] HELLO: Cho mi ngi
2025-04-23 22:25:43,127 - [21:34] TIEN: Mun g'
2025-04-23 22:25:44,131 - [21:32] HELLO: Cho mi ngi
2025-04-23 22:25:44,131 - [21:34] TIEN: Mun g'
2025-04-23 22:25:45,136 - [21:32] HELLO: Cho mi ngi
2025-04-23 22:25:45,137 - [21:34] TIEN: Mun g'
2025-04-23 22:25:46,141 - [21:32] HELLO: Cho mi ngi
2025-04-23 22:25:46,142 - [21:34] TIEN: Mun g'
2025-04-23 22:25:47,146 - [21:32] HELLO: Cho mi ngi
2025-04-23 22:25:47,147 - [21:34] TIEN: Mun g'
2025-04-23 22:25:48,152 - [21:32] HELLO: Cho mi ngi
2025-04-23 22:25:48,152 - [21:34] TIEN: Mun g'
2025-04-23 22:25:49,155 - [21:32] HELLO: Cho mi ngi
2025-04-23 22:25:49,157 - [21:34] TIEN: Mun g'
2025-04-23 22:27:39,207 - [21:32] HELLO: Cho mi ngi
2025-04-23 22:27:39,211 - [21:34] TIEN: Mun g'
2025-04-23 22:27:40,214 - [21:32] HELLO: Cho mi ngi
2025-04-23 22:27:40,215 - [21:34] TIEN: Mun g'
2025-04-23 22:27:41,229 - [21:32] HELLO: Cho mi ngi
2025-04-23 22:27:41,230 - [21:34] TIEN: Mun g'
2025-04-23 22:27:42,234 - [21:32] HELLO: Cho mi ngi
2025-04-23 22:27:42,235 - [21:34] TIEN: Mun g'
2025-04-23 22:27:43,239 - [21:32] HELLO: Cho mi ngi
2025-04-23 22:27:43,240 - [21:34] TIEN: Mun g'
2025-04-23 22:27:44,244 - [21:32] HELLO: Cho mi ngi
2025-04-23 22:27:44,245 - [21:34] TIEN: Mun g'
2025-04-23 22:27:45,249 - [21:32] HELLO: Cho mi ngi
2025-04-23 22:27:45,249 - [21:34] TIEN: Mun g'
2025-04-23 22:27:46,253 - [21:32] HELLO: Cho mi ngi
2025-04-23 22:27:46,253 - [21:34] TIEN: Mun g'
2025-04-23 22:27:47,258 - [21:32] HELLO: Cho mi ngi
2025-04-23 22:27:47,259 - [21:34] TIEN: Mun g'
2025-04-23 22:27:48,263 - [21:32] HELLO: Cho mi ngi
2025-04-23 22:27:48,264 - [21:34] TIEN: Mun g'
2025-04-23 22:27:49,267 - [21:32] HELLO: Cho mi ngi
2025-04-23 22:27:49,269 - [21:34] TIEN: Mun g'
2025-04-23 22:27:50,273 - [21:32] HELLO: Cho mi ngi
2025-04-23 22:27:50,274 - [21:34] TIEN: Mun g'
2025-04-23 22:27:51,278 - [21:32] HELLO: Cho mi ngi
2025-04-23 22:27:51,279 - [21:34] TIEN: Mun g'
2025-04-23 22:27:52,284 - [21:32] HELLO: Cho mi ngi
2025-04-23 22:27:52,285 - [21:34] TIEN: Mun g'
2025-04-23 22:27:53,289 - [21:32] HELLO: Cho mi ngi
2025-04-23 22:27:53,290 - [21:34] TIEN: Mun g'
2025-04-23 22:27:54,294 - [21:32] HELLO: Cho mi ngi
2025-04-23 22:27:54,295 - [21:34] TIEN: Mun g'
2025-04-23 22:27:55,298 - [21:32] HELLO: Cho mi ngi
2025-04-23 22:27:55,299 - [21:34] TIEN: Mun g'
2025-04-23 22:27:56,303 - [21:32] HELLO: Cho mi ngi
2025-04-23 22:27:56,304 - [21:34] TIEN: Mun g'
2025-04-23 22:27:57,308 - [21:32] HELLO: Cho mi ngi
2025-04-23 22:27:57,308 - [21:34] TIEN: Mun g'
2025-04-23 22:27:58,313 - [21:32] HELLO: Cho mi ngi
2025-04-23 22:27:58,314 - [21:34] TIEN: Mun g'
2025-04-23 22:27:59,318 - [21:32] HELLO: Cho mi ngi
2025-04-23 22:27:59,319 - [21:34] TIEN: Mun g'
2025-04-23 22:28:00,346 - [21:32] HELLO: Cho mi ngi
2025-04-23 22:28:00,347 - [21:34] TIEN: Mun g'
2025-04-23 22:28:01,353 - [21:32] HELLO: Cho mi ngi
2025-04-23 22:28:01,354 - [21:34] TIEN: Mun g'
2025-04-23 22:28:02,366 - [21:32] HELLO: Cho mi ngi
2025-04-23 22:28:02,367 - [21:34] TIEN: Mun g'
2025-04-23 22:28:03,370 - [21:32] HELLO: Cho mi ngi
2025-04-23 22:28:03,371 - [21:34] TIEN: Mun g'
2025-04-23 22:28:04,374 - [21:32] HELLO: Cho mi ngi
2025-04-23 22:28:04,374 - [21:34] TIEN: Mun g'
2025-04-23 22:28:05,380 - [21:32] HELLO: Cho mi ngi
2025-04-23 22:28:05,381 - [21:34] TIEN: Mun g'
2025-04-23 22:28:06,383 - [21:32] HELLO: Cho mi ngi
2025-04-23 22:28:06,384 - [21:34] TIEN: Mun g'
2025-04-23 22:28:07,387 - [21:32] HELLO: Cho mi ngi
2025-04-23 22:28:07,388 - [21:34] TIEN: Mun g'
2025-04-23 22:28:08,391 - [21:32] HELLO: Cho mi ngi
2025-04-23 22:28:08,392 - [21:34] TIEN: Mun g'
2025-04-23 22:28:09,396 - [21:32] HELLO: Cho mi ngi
2025-04-23 22:28:09,397 - [21:34] TIEN: Mun g'
2025-04-23 22:28:10,399 - [21:32] HELLO: Cho mi ngi
2025-04-23 22:28:10,401 - [21:34] TIEN: Mun g'
2025-04-23 22:28:11,905 - [21:32] HELLO: Cho mi ngi
2025-04-23 22:28:11,905 - [21:34] TIEN: Mun g'
2025-04-23 22:28:12,909 - [21:32] HELLO: Cho mi ngi
2025-04-23 22:28:12,910 - [21:34] TIEN: Mun g'
2025-04-23 22:28:13,914 - [21:32] HELLO: Cho mi ngi
2025-04-23 22:28:13,914 - [21:34] TIEN: Mun g'
2025-04-23 22:28:14,918 - [21:32] HELLO: Cho mi ngi
2025-04-23 22:28:14,919 - [21:34] TIEN: Mun g'
2025-04-23 22:28:15,922 - [21:32] HELLO: Cho mi ngi
2025-04-23 22:28:15,923 - [21:34] TIEN: Mun g'
2025-04-23 22:28:16,927 - [21:32] HELLO: Cho mi ngi
2025-04-23 22:28:16,927 - [21:34] TIEN: Mun g'
2025-04-23 22:28:17,930 - [21:32] HELLO: Cho mi ngi
2025-04-23 22:28:17,931 - [21:34] TIEN: Mun g'
2025-04-23 22:28:18,934 - [21:32] HELLO: Cho mi ngi
2025-04-23 22:28:18,935 - [21:34] TIEN: Mun g'
2025-04-23 22:28:19,938 - [21:32] HELLO: Cho mi ngi
2025-04-23 22:28:19,939 - [21:34] TIEN: Mun g'
2025-04-23 22:28:20,943 - [21:32] HELLO: Cho mi ngi
2025-04-23 22:28:20,943 - [21:34] TIEN: Mun g'
2025-04-23 22:28:21,947 - [21:32] HELLO: Cho mi ngi
2025-04-23 22:28:21,948 - [21:34] TIEN: Mun g'
2025-04-23 22:28:22,951 - [21:32] HELLO: Cho mi ngi
2025-04-23 22:28:22,952 - [21:34] TIEN: Mun g'
2025-04-23 22:28:23,458 - Tien: Hello
2025-04-23 22:28:23,956 - [21:32] HELLO: Cho mi ngi
2025-04-23 22:28:23,957 - [21:34] TIEN: Mun g'
2025-04-23 22:28:23,957 - [22:28] Tien: Hello
2025-04-23 22:28:24,962 - [21:32] HELLO: Cho mi ngi
2025-04-23 22:28:24,962 - [21:34] TIEN: Mun g'
2025-04-23 22:28:24,963 - [22:28] Tien: Hello
2025-04-23 22:28:25,966 - [21:32] HELLO: Cho mi ngi
2025-04-23 22:28:25,967 - [21:34] TIEN: Mun g'
2025-04-23 22:28:25,968 - [22:28] Tien: Hello
2025-04-23 22:28:26,971 - [21:32] HELLO: Cho mi ngi
2025-04-23 22:28:26,972 - [21:34] TIEN: Mun g'
2025-04-23 22:28:26,973 - [22:28] Tien: Hello
2025-04-23 22:28:27,977 - [21:32] HELLO: Cho mi ngi
2025-04-23 22:28:27,977 - [21:34] TIEN: Mun g'
2025-04-23 22:28:27,978 - [22:28] Tien: Hello
2025-04-23 22:28:28,981 - [21:32] HELLO: Cho mi ngi
2025-04-23 22:28:28,982 - [21:34] TIEN: Mun g'
2025-04-23 22:28:28,983 - [22:28] Tien: Hello
2025-04-23 22:28:29,987 - [21:32] HELLO: Cho mi ngi
2025-04-23 22:28:29,988 - [21:34] TIEN: Mun g'
2025-04-23 22:28:29,989 - [22:28] Tien: Hello
2025-04-23 22:28:30,993 - [21:32] HELLO: Cho mi ngi
2025-04-23 22:28:30,994 - [21:34] TIEN: Mun g'
2025-04-23 22:28:30,994 - [22:28] Tien: Hello
2025-04-23 22:28:31,998 - [21:32] HELLO: Cho mi ngi
2025-04-23 22:28:31,999 - [21:34] TIEN: Mun g'
2025-04-23 22:28:32,000 - [22:28] Tien: Hello
2025-04-23 22:28:32,145 - Tien: Xin chafo
2025-04-23 22:28:33,004 - [21:32] HELLO: Cho mi ngi
2025-04-23 22:28:33,004 - [21:34] TIEN: Mun g'
2025-04-23 22:28:33,006 - [22:28] Tien: Hello
2025-04-23 22:28:33,007 - [22:28] Tien: Xin chafo
2025-04-23 22:28:34,011 - [21:32] HELLO: Cho mi ngi
2025-04-23 22:28:34,012 - [21:34] TIEN: Mun g'
2025-04-23 22:28:34,013 - [22:28] Tien: Hello
2025-04-23 22:28:34,014 - [22:28] Tien: Xin chafo
2025-04-23 22:28:35,018 - [21:32] HELLO: Cho mi ngi
2025-04-23 22:28:35,019 - [21:34] TIEN: Mun g'
2025-04-23 22:28:35,020 - [22:28] Tien: Hello
2025-04-23 22:28:35,021 - [22:28] Tien: Xin chafo
2025-04-23 22:28:36,025 - [21:32] HELLO: Cho mi ngi
2025-04-23 22:28:36,026 - [21:34] TIEN: Mun g'
2025-04-23 22:28:36,027 - [22:28] Tien: Hello
2025-04-23 22:28:36,027 - [22:28] Tien: Xin chafo
2025-04-23 22:28:37,032 - [21:32] HELLO: Cho mi ngi
2025-04-23 22:28:37,033 - [21:34] TIEN: Mun g'
2025-04-23 22:28:37,033 - [22:28] Tien: Hello
2025-04-23 22:28:37,034 - [22:28] Tien: Xin chafo
2025-04-23 22:28:38,039 - [21:32] HELLO: Cho mi ngi
2025-04-23 22:28:38,039 - [21:34] TIEN: Mun g'
2025-04-23 22:28:38,040 - [22:28] Tien: Hello
2025-04-23 22:28:38,041 - [22:28] Tien: Xin chafo
2025-04-23 22:28:39,045 - [21:32] HELLO: Cho mi ngi
2025-04-23 22:28:39,046 - [21:34] TIEN: Mun g'
2025-04-23 22:28:39,047 - [22:28] Tien: Hello
2025-04-23 22:28:39,048 - [22:28] Tien: Xin chafo
2025-04-23 22:28:40,052 - [21:32] HELLO: Cho mi ngi
2025-04-23 22:28:40,053 - [21:34] TIEN: Mun g'
2025-04-23 22:28:40,054 - [22:28] Tien: Hello
2025-04-23 22:28:40,055 - [22:28] Tien: Xin chafo
2025-04-23 22:28:41,059 - [21:32] HELLO: Cho mi ngi
2025-04-23 22:28:41,059 - [21:34] TIEN: Mun g'
2025-04-23 22:28:41,060 - [22:28] Tien: Hello
2025-04-23 22:28:41,060 - [22:28] Tien: Xin chafo
2025-04-23 22:28:42,064 - [21:32] HELLO: Cho mi ngi
2025-04-23 22:28:42,065 - [21:34] TIEN: Mun g'
2025-04-23 22:28:42,065 - [22:28] Tien: Hello
2025-04-23 22:28:42,066 - [22:28] Tien: Xin chafo
2025-04-23 22:28:43,071 - [21:32] HELLO: Cho mi ngi
2025-04-23 22:28:43,072 - [21:34] TIEN: Mun g'
2025-04-23 22:28:43,072 - [22:28] Tien: Hello
2025-04-23 22:28:43,073 - [22:28] Tien: Xin chafo
