2025-05-08 06:34:44,731 - 1234: Chao
2025-05-08 06:34:45,419 - [06:34] 1234: Chao
2025-05-08 06:39:23,498 - CHAT - 1234: Chao
2025-05-08 06:39:24,082 - CHAT - [06:39] 1234: Chao
2025-05-08 06:39:51,439 - CHAT - 1234: HELLO
2025-05-08 06:39:52,175 - CHAT - [06:39] 1234: HELLO
2025-05-08 10:03:00,092 - 12346: Cha
2025-05-08 10:03:00,203 - [10:03] 12346: Cha
2025-05-08 10:05:48,883 - 12345: Chao ban
2025-05-08 10:05:49,135 - [10:05] 12345: Chao ban
2025-05-08 10:06:39,946 - 12346: Chao
2025-05-08 10:06:40,348 - [10:06] 12346: Chao
2025-05-08 10:06:40,472 - [10:06] 12346: Chao
2025-05-08 11:16:54,449 - cao123: Lo
2025-05-08 11:16:55,039 - [11:16] cao123: Lo
2025-05-08 11:21:59,743 - cao: caohaha
2025-05-08 11:22:00,458 - [11:21] cao: caohaha
2025-05-08 11:51:46,853 - cao: Chao
2025-05-08 11:51:47,651 - [11:51] cao: Chao
2025-05-08 11:52:21,205 - cao123: Loooo
2025-05-08 11:52:21,627 - [11:52] cao123: Loooo
2025-05-08 11:52:21,757 - [11:52] cao123: Loooo
2025-05-08 11:58:20,974 - cao123: Hello
2025-05-08 11:58:21,385 - [11:58] cao123: Hello
2025-05-08 11:58:57,886 - TIEN: CHAO
2025-05-08 11:58:58,266 - [11:58] TIEN: CHAO
2025-05-08 11:58:58,374 - [11:58] TIEN: CHAO
2025-05-08 12:02:03,079 - TIEN: HA
2025-05-08 12:02:03,098 - [12:02] TIEN: HA
2025-05-08 12:02:59,461 - TIEN: CHAO
2025-05-08 12:03:00,468 - [12:02] TIEN: CHAO
