2025-04-24 09:38:07,032 - CAO: Chao
2025-04-24 09:38:07,690 - [09:38] CAO: Chao
2025-04-24 09:38:08,693 - [09:38] CAO: Chao
2025-04-24 09:38:09,697 - [09:38] CAO: Chao
2025-04-24 09:38:10,701 - [09:38] CAO: Chao
2025-04-24 09:38:11,704 - [09:38] CAO: Chao
2025-04-24 09:38:12,708 - [09:38] CAO: Chao
2025-04-24 09:38:13,711 - [09:38] CAO: Chao
2025-04-24 09:38:14,717 - [09:38] CAO: Chao
2025-04-24 09:38:15,721 - [09:38] CAO: Chao
2025-04-24 09:38:16,725 - [09:38] CAO: Chao
2025-04-24 09:38:17,729 - [09:38] CAO: Chao
2025-04-24 09:38:18,736 - [09:38] CAO: Chao
2025-04-24 09:38:19,739 - [09:38] CAO: Chao
2025-04-24 09:38:20,742 - [09:38] CAO: Chao
2025-04-24 09:38:21,746 - [09:38] CAO: Chao
2025-04-24 09:38:22,749 - [09:38] CAO: Chao
2025-04-24 09:38:23,754 - [09:38] CAO: Chao
2025-04-24 09:38:24,758 - [09:38] CAO: Chao
2025-04-24 09:38:25,764 - [09:38] CAO: Chao
2025-04-24 09:38:26,769 - [09:38] CAO: Chao
2025-04-24 09:38:27,773 - [09:38] CAO: Chao
2025-04-24 09:38:28,777 - [09:38] CAO: Chao
2025-04-24 09:38:29,781 - [09:38] CAO: Chao
2025-04-24 09:38:30,784 - [09:38] CAO: Chao
2025-04-24 09:38:31,789 - [09:38] CAO: Chao
2025-04-24 09:38:32,792 - [09:38] CAO: Chao
2025-04-24 09:38:33,796 - [09:38] CAO: Chao
2025-04-24 09:38:34,800 - [09:38] CAO: Chao
2025-04-24 09:38:35,804 - [09:38] CAO: Chao
2025-04-24 09:38:36,808 - [09:38] CAO: Chao
2025-04-24 09:38:37,810 - [09:38] CAO: Chao
2025-04-24 09:38:38,814 - [09:38] CAO: Chao
2025-04-24 09:38:39,819 - [09:38] CAO: Chao
2025-04-24 09:38:40,824 - [09:38] CAO: Chao
2025-04-24 09:38:41,827 - [09:38] CAO: Chao
2025-04-24 09:38:42,830 - [09:38] CAO: Chao
2025-04-24 09:38:43,836 - [09:38] CAO: Chao
2025-04-24 09:38:44,839 - [09:38] CAO: Chao
2025-04-24 09:38:45,842 - [09:38] CAO: Chao
2025-04-24 09:38:46,846 - [09:38] CAO: Chao
2025-04-24 09:38:47,851 - [09:38] CAO: Chao
2025-04-24 09:38:48,854 - [09:38] CAO: Chao
2025-04-24 09:38:49,856 - [09:38] CAO: Chao
2025-04-24 09:38:50,861 - [09:38] CAO: Chao
2025-04-24 09:38:51,865 - [09:38] CAO: Chao
2025-04-24 09:38:52,869 - [09:38] CAO: Chao
2025-04-24 09:38:53,872 - [09:38] CAO: Chao
2025-04-24 09:38:54,877 - [09:38] CAO: Chao
2025-04-24 09:38:55,880 - [09:38] CAO: Chao
2025-04-24 09:38:56,884 - [09:38] CAO: Chao
2025-04-24 09:38:57,888 - [09:38] CAO: Chao
2025-04-24 09:38:58,892 - [09:38] CAO: Chao
2025-04-24 09:38:59,896 - [09:38] CAO: Chao
2025-04-24 09:39:00,532 - [09:38] CAO: Chao
2025-04-24 09:39:00,900 - [09:38] CAO: Chao
2025-04-24 09:39:01,535 - [09:38] CAO: Chao
2025-04-24 09:39:01,904 - [09:38] CAO: Chao
2025-04-24 09:39:02,540 - [09:38] CAO: Chao
2025-04-24 09:39:02,907 - [09:38] CAO: Chao
2025-04-24 09:39:03,543 - [09:38] CAO: Chao
2025-04-24 09:39:03,911 - [09:38] CAO: Chao
2025-04-24 09:39:04,547 - [09:38] CAO: Chao
2025-04-24 09:39:04,915 - [09:38] CAO: Chao
2025-04-24 09:39:05,555 - [09:38] CAO: Chao
2025-04-24 09:39:05,918 - [09:38] CAO: Chao
2025-04-24 09:39:06,559 - [09:38] CAO: Chao
2025-04-24 09:39:06,920 - [09:38] CAO: Chao
2025-04-24 09:39:07,563 - [09:38] CAO: Chao
2025-04-24 09:39:07,924 - [09:38] CAO: Chao
2025-04-24 09:39:08,567 - [09:38] CAO: Chao
2025-04-24 09:39:08,930 - [09:38] CAO: Chao
2025-04-24 09:39:09,570 - [09:38] CAO: Chao
2025-04-24 09:39:09,935 - [09:38] CAO: Chao
2025-04-24 09:39:10,574 - [09:38] CAO: Chao
2025-04-24 09:39:10,939 - [09:38] CAO: Chao
2025-04-24 09:39:11,578 - [09:38] CAO: Chao
2025-04-24 09:39:11,943 - [09:38] CAO: Chao
2025-04-24 09:39:12,582 - [09:38] CAO: Chao
2025-04-24 09:39:12,947 - [09:38] CAO: Chao
2025-04-24 09:39:13,585 - [09:38] CAO: Chao
2025-04-24 09:39:13,950 - [09:38] CAO: Chao
2025-04-24 09:39:14,588 - [09:38] CAO: Chao
2025-04-24 09:39:14,955 - [09:38] CAO: Chao
2025-04-24 09:39:15,593 - [09:38] CAO: Chao
2025-04-24 09:39:15,958 - [09:38] CAO: Chao
2025-04-24 09:39:16,596 - [09:38] CAO: Chao
2025-04-24 09:39:16,961 - [09:38] CAO: Chao
2025-04-24 09:39:17,600 - [09:38] CAO: Chao
2025-04-24 09:39:17,964 - [09:38] CAO: Chao
2025-04-24 09:39:18,605 - [09:38] CAO: Chao
2025-04-24 09:39:18,968 - [09:38] CAO: Chao
2025-04-24 09:39:19,608 - [09:38] CAO: Chao
2025-04-24 09:39:19,972 - [09:38] CAO: Chao
2025-04-24 09:39:20,611 - [09:38] CAO: Chao
2025-04-24 09:39:20,975 - [09:38] CAO: Chao
2025-04-24 09:39:21,615 - [09:38] CAO: Chao
2025-04-24 09:39:21,979 - [09:38] CAO: Chao
2025-04-24 09:39:22,619 - [09:38] CAO: Chao
2025-04-24 09:39:22,985 - [09:38] CAO: Chao
2025-04-24 09:39:23,623 - [09:38] CAO: Chao
2025-04-24 09:39:23,989 - [09:38] CAO: Chao
2025-04-24 09:39:24,627 - [09:38] CAO: Chao
2025-04-24 09:39:24,992 - [09:38] CAO: Chao
2025-04-24 09:39:25,631 - [09:38] CAO: Chao
2025-04-24 09:39:25,996 - [09:38] CAO: Chao
2025-04-24 09:39:26,635 - [09:38] CAO: Chao
2025-04-24 09:39:27,000 - [09:38] CAO: Chao
2025-04-24 09:39:27,638 - [09:38] CAO: Chao
2025-04-24 09:39:28,003 - [09:38] CAO: Chao
2025-04-24 09:39:28,641 - [09:38] CAO: Chao
2025-04-24 09:39:29,006 - [09:38] CAO: Chao
2025-04-24 09:39:29,645 - [09:38] CAO: Chao
2025-04-24 09:39:30,010 - [09:38] CAO: Chao
2025-04-24 09:39:30,648 - [09:38] CAO: Chao
2025-04-24 09:39:31,015 - [09:38] CAO: Chao
2025-04-24 09:39:31,653 - [09:38] CAO: Chao
2025-04-24 09:39:32,018 - [09:38] CAO: Chao
2025-04-24 09:39:32,657 - [09:38] CAO: Chao
2025-04-24 09:39:33,021 - [09:38] CAO: Chao
2025-04-24 09:39:33,660 - [09:38] CAO: Chao
2025-04-24 09:39:34,032 - [09:38] CAO: Chao
2025-04-24 09:39:34,664 - [09:38] CAO: Chao
2025-04-24 09:39:35,036 - [09:38] CAO: Chao
2025-04-24 09:39:35,668 - [09:38] CAO: Chao
2025-04-24 09:39:36,041 - [09:38] CAO: Chao
2025-04-24 09:39:36,674 - [09:38] CAO: Chao
2025-04-24 09:39:37,045 - [09:38] CAO: Chao
2025-04-24 09:39:37,677 - [09:38] CAO: Chao
2025-04-24 09:39:38,049 - [09:38] CAO: Chao
2025-04-24 09:39:38,681 - [09:38] CAO: Chao
2025-04-24 09:39:39,053 - [09:38] CAO: Chao
2025-04-24 09:39:39,684 - [09:38] CAO: Chao
2025-04-24 09:39:40,368 - [09:38] CAO: Chao
2025-04-24 09:39:40,688 - [09:38] CAO: Chao
2025-04-24 09:39:41,372 - [09:38] CAO: Chao
2025-04-24 09:39:41,692 - [09:38] CAO: Chao
2025-04-24 09:39:42,375 - [09:38] CAO: Chao
2025-04-24 09:39:42,695 - [09:38] CAO: Chao
2025-04-24 09:39:43,378 - [09:38] CAO: Chao
2025-04-24 09:39:43,699 - [09:38] CAO: Chao
2025-04-24 09:39:44,383 - [09:38] CAO: Chao
2025-04-24 09:39:44,703 - [09:38] CAO: Chao
2025-04-24 09:39:45,387 - [09:38] CAO: Chao
2025-04-24 09:39:45,708 - [09:38] CAO: Chao
2025-04-24 09:39:46,392 - [09:38] CAO: Chao
2025-04-24 09:39:46,711 - [09:38] CAO: Chao
2025-04-24 09:39:47,398 - [09:38] CAO: Chao
2025-04-24 09:39:47,715 - [09:38] CAO: Chao
2025-04-24 09:39:48,402 - [09:38] CAO: Chao
2025-04-24 09:39:48,719 - [09:38] CAO: Chao
2025-04-24 09:39:49,407 - [09:38] CAO: Chao
2025-04-24 09:39:49,722 - [09:38] CAO: Chao
2025-04-24 09:39:50,411 - [09:38] CAO: Chao
2025-04-24 09:39:50,725 - [09:38] CAO: Chao
2025-04-24 09:39:51,414 - [09:38] CAO: Chao
2025-04-24 09:39:51,729 - [09:38] CAO: Chao
2025-04-24 09:39:52,417 - [09:38] CAO: Chao
2025-04-24 09:39:52,733 - [09:38] CAO: Chao
2025-04-24 09:39:53,421 - [09:38] CAO: Chao
2025-04-24 09:39:53,736 - [09:38] CAO: Chao
2025-04-24 09:39:54,425 - [09:38] CAO: Chao
2025-04-24 09:39:54,740 - [09:38] CAO: Chao
2025-04-24 09:39:55,428 - [09:38] CAO: Chao
2025-04-24 09:39:55,805 - [09:38] CAO: Chao
2025-04-24 09:39:56,431 - [09:38] CAO: Chao
2025-04-24 09:39:56,809 - [09:38] CAO: Chao
2025-04-24 09:39:57,436 - [09:38] CAO: Chao
2025-04-24 09:39:57,813 - [09:38] CAO: Chao
2025-04-24 09:39:58,439 - [09:38] CAO: Chao
2025-04-24 09:39:58,816 - [09:38] CAO: Chao
2025-04-24 09:39:59,819 - [09:38] CAO: Chao
2025-04-24 09:40:00,822 - [09:38] CAO: Chao
2025-04-24 09:40:01,825 - [09:38] CAO: Chao
2025-04-24 09:40:02,828 - [09:38] CAO: Chao
2025-04-24 09:40:03,836 - [09:38] CAO: Chao
2025-04-24 09:40:04,839 - [09:38] CAO: Chao
2025-04-24 09:40:05,842 - [09:38] CAO: Chao
2025-04-24 09:40:06,845 - [09:38] CAO: Chao
2025-04-24 09:40:07,849 - [09:38] CAO: Chao
2025-04-24 09:40:08,852 - [09:38] CAO: Chao
2025-04-24 09:40:09,856 - [09:38] CAO: Chao
2025-04-24 09:40:10,859 - [09:38] CAO: Chao
2025-04-24 09:40:11,862 - [09:38] CAO: Chao
2025-04-24 09:40:12,865 - [09:38] CAO: Chao
2025-04-24 09:40:13,869 - [09:38] CAO: Chao
2025-04-24 09:40:14,872 - [09:38] CAO: Chao
2025-04-24 09:40:15,875 - [09:38] CAO: Chao
2025-04-24 09:40:16,879 - [09:38] CAO: Chao
2025-04-24 09:40:17,885 - [09:38] CAO: Chao
2025-04-24 09:40:18,889 - [09:38] CAO: Chao
2025-04-24 09:40:19,892 - [09:38] CAO: Chao
2025-04-24 09:40:20,897 - [09:38] CAO: Chao
2025-04-24 09:40:21,900 - [09:38] CAO: Chao
2025-04-24 10:25:15,742 - THANH: Chao
2025-04-24 10:25:16,126 - [10:25] THANH: Chao
2025-04-24 10:26:23,821 - THANH_2: Xin chao
2025-04-24 10:26:24,473 - [10:26] THANH_2: Xin chao
2025-04-24 10:46:29,776 - CAO TIEN: Chaof
2025-04-24 10:46:30,533 - [10:46] CAO TIEN: Chaof
2025-04-24 11:19:25,089 - CAO: Chao
2025-04-24 11:19:25,573 - [11:19] CAO: Chao
2025-04-24 11:35:32,529 - CAO TIEN: CHAO
2025-04-24 11:35:32,670 - [11:35] CAO TIEN: CHAO
2025-04-24 11:56:08,914 - CAO: Cao
2025-04-24 11:56:09,111 - [11:56] CAO: Cao
